#
# A fatal error has been detected by the Java Runtime Environment:
#
#  EXCEPTION_ACCESS_VIOLATION (0xc0000005) at pc=0x00007ffdef5c28c6, pid=15828, tid=14992
#
# JRE version: Java(TM) SE Runtime Environment (12.0.1+12) (build 12.0.1+12)
# Java VM: Java HotSpot(TM) 64-Bit Server VM (12.0.1+12, mixed mode, sharing, tiered, compressed oops, g1 gc, windows-amd64)
# Problematic frame:
# V  [jvm.dll+0x3728c6]
#
# No core dump will be written. Minidumps are not enabled by default on client versions of Windows
#
# If you would like to submit a bug report, please visit:
#   http://bugreport.java.com/bugreport/crash.jsp
#

---------------  S U M M A R Y ------------

Command Line: --add-modules=ALL-SYSTEM --add-opens=java.base/java.util=ALL-UNNAMED --add-opens=java.base/java.lang=ALL-UNNAMED -Declipse.application=org.eclipse.jdt.ls.core.id1 -Dosgi.bundles.defaultStartLevel=4 -Declipse.product=org.eclipse.jdt.ls.core.product -Dfile.encoding=utf8 -DwatchParentProcess=false -Xverify:none -Xmx1G -XX:+UseG1GC -XX:+UseStringDeduplication -javaagent:C:\Users\Power\.vscode\extensions\gabrielbb.vscode-lombok-0.9.8/server/lombok.jar C:\Users\Power\.vscode\extensions\redhat.java-0.45.0\server\plugins\org.eclipse.equinox.launcher_1.5.400.v20190514-1658.jar -configuration C:\Users\Power\.vscode\extensions\redhat.java-0.45.0\server\config_win -data c:\Users\Power\AppData\Roaming\Code\User\workspaceStorage\b01ef1621e7a5d3be7d0af33991e6afb\redhat.java\jdt_ws

Host: AMD Ryzen 7 1700 Eight-Core Processor          , 16 cores, 7G,  Windows 10 , 64 bit Build 17134 (10.0.17134.753)
Time: Sat May 18 22:41:32 2019 China Standard Time elapsed time: 3041 seconds (0d 0h 50m 41s)

---------------  T H R E A D  ---------------

Current thread (0x000001e3e3f58800):  GCTaskThread "GC Thread#6" [stack: 0x000000a165e00000,0x000000a165f00000] [id=14992]

Stack: [0x000000a165e00000,0x000000a165f00000],  sp=0x000000a165eff770,  free space=1021k
Native frames: (J=compiled Java code, j=interpreted, Vv=VM code, C=native code)
V  [jvm.dll+0x3728c6]
V  [jvm.dll+0x33001b]
V  [jvm.dll+0x32ebbc]
V  [jvm.dll+0x2fdf83]
V  [jvm.dll+0x32f383]
V  [jvm.dll+0x2fc8e6]
V  [jvm.dll+0x7bb2b0]
V  [jvm.dll+0x748648]
V  [jvm.dll+0x638566]
C  [ucrtbase.dll+0x1e3fe]
C  [KERNEL32.DLL+0x14034]
C  [ntdll.dll+0x73691]


siginfo: EXCEPTION_ACCESS_VIOLATION (0xc0000005), reading address 0x000000000000b91f


Register to memory mapping:

RIP=0x00007ffdef5c28c6 jvm.dll
RAX=0x0000000000000140 is an unknown value
RBX=0x0000000000000040 is an unknown value
RCX=0x000000000000b8bf is an unknown value
RDX=0x0000000000000002 is an unknown value
RSP=0x000000a165eff770 points into unknown readable memory: 20 f9 ef 65 a1 00 00 00
RBP=0x000000a165eff8b0 points into unknown readable memory: 00 00 ef 65 a1 00 00 00
RSI=0x0000000000000100 is an unknown value
RDI=0x000000a165effa90 points into unknown readable memory: 68 ad ae ef fd 7f 00 00
R8 =0x00000000000000bf is an unknown value
R9 =0x000000a165eff840 points into unknown readable memory: 20 ad 3d f6 e3 01 00 00
R10=0x0000000000000800 is an unknown value
R11=0x0000000000000004 is an unknown value
R12=0x0000000000000126 is an unknown value
R13=0x0000000000000040 is an unknown value
R14=0x0000000000000588 is an unknown value
R15=0x0 is NULL


Registers:
RAX=0x0000000000000140, RBX=0x0000000000000040, RCX=0x000000000000b8bf, RDX=0x0000000000000002
RSP=0x000000a165eff770, RBP=0x000000a165eff8b0, RSI=0x0000000000000100, RDI=0x000000a165effa90
R8 =0x00000000000000bf, R9 =0x000000a165eff840, R10=0x0000000000000800, R11=0x0000000000000004
R12=0x0000000000000126, R13=0x0000000000000040, R14=0x0000000000000588, R15=0x0000000000000000
RIP=0x00007ffdef5c28c6, EFLAGS=0x0000000000010202

Top of Stack: (sp=0x000000a165eff770)
0x000000a165eff770:   000000a165eff920 00007ffdef5c2b53
0x000000a165eff780:   000000a165eff840 0000000000000125
0x000000a165eff790:   000000a165effa90 0000000000000100
0x000000a165eff7a0:   000000a165effa90 00007ffdef58001b
0x000000a165eff7b0:   00000000c1717800 0000000000000040
0x000000a165eff7c0:   000000a165effa60 00000000cab76b8d
0x000000a165eff7d0:   0000000000000000 0000000000000000
0x000000a165eff7e0:   00000000c1b08f00 00007ffdef578269
0x000000a165eff7f0:   000001e3c43f49e0 00000000c1717800
0x000000a165eff800:   0000000000000040 0000000714a8efdb
0x000000a165eff810:   0000000000000000 0000000714a8efdb
0x000000a165eff820:   0000000000000000 0000000714a8f479
0x000000a165eff830:   0000000000000000 00007ffdef57ddd9
0x000000a165eff840:   000001e3f63dad20 000001e3f63dadc0
0x000000a165eff850:   000001e3c4373590 000001e3c4375cc0
0x000000a165eff860:   00000000000000f1 0000000000000000 

Instructions: (pc=0x00007ffdef5c28c6)
0x00007ffdef5c28a6:   48 ff 4f 38 48 8b c6 48 83 c4 30 41 5f 5f 5e c3
0x00007ffdef5c28b6:   cc cc cc cc cc cc cc cc cc cc 40 57 48 83 ec 30
0x00007ffdef5c28c6:   4c 8b 41 60 48 8b fa 48 8b 05 bc 1d 72 00 4c 8b
0x00007ffdef5c28d6:   c9 4c 3b c0 0f 84 a6 00 00 00 48 8b 41 58 49 ff 


Stack slot to memory mapping:
stack at sp + 0 slots: 0x000000a165eff920 points into unknown readable memory: bf b8 00 00 00 00 00 00
stack at sp + 1 slots: 0x00007ffdef5c2b53 jvm.dll
stack at sp + 2 slots: 0x000000a165eff840 points into unknown readable memory: 20 ad 3d f6 e3 01 00 00
stack at sp + 3 slots: 0x0000000000000125 is an unknown value
stack at sp + 4 slots: 0x000000a165effa90 points into unknown readable memory: 68 ad ae ef fd 7f 00 00
stack at sp + 5 slots: 0x0000000000000100 is an unknown value
stack at sp + 6 slots: 0x000000a165effa90 points into unknown readable memory: 68 ad ae ef fd 7f 00 00
stack at sp + 7 slots: 0x00007ffdef58001b jvm.dll


---------------  P R O C E S S  ---------------

Threads class SMR info:
_java_thread_list=0x000001e3e4b1e000, length=41, elements={
0x000001e3c4367800, 0x000001e3e1574800, 0x000001e3e1576800, 0x000001e3e15a9000,
0x000001e3e1596800, 0x000001e3e159c000, 0x000001e3e159e000, 0x000001e3e15ba000,
0x000001e3e1558800, 0x000001e3e2299800, 0x000001e3e39ad000, 0x000001e3e21c0000,
0x000001e3e3f10800, 0x000001e3e300e000, 0x000001e3e367b800, 0x000001e3e5b22800,
0x000001e3e498c800, 0x000001e3f3756000, 0x000001e3f3754800, 0x000001e3f3758800,
0x000001e3f375c800, 0x000001e3f375d800, 0x000001e3f3757000, 0x000001e3f375b000,
0x000001e3f3755800, 0x000001e3f375c000, 0x000001e3f3762800, 0x000001e3f3759800,
0x000001e3f375f000, 0x000001e3f3760000, 0x000001e3e4989000, 0x000001e3f375a800,
0x000001e3f3763000, 0x000001e3f3761000, 0x000001e3f3761800, 0x000001e3f4bb2800,
0x000001e3f4bb5000, 0x000001e3f4bb7800, 0x000001e3f4bb5800, 0x000001e3f4bb6800,
0x000001e3f4bb9000
}

Java Threads: ( => current thread )
  0x000001e3c4367800 JavaThread "main" [_thread_blocked, id=8608, stack(0x000000a163a00000,0x000000a163b00000)]
  0x000001e3e1574800 JavaThread "Reference Handler" daemon [_thread_blocked, id=12732, stack(0x000000a164200000,0x000000a164300000)]
  0x000001e3e1576800 JavaThread "Finalizer" daemon [_thread_blocked, id=7100, stack(0x000000a164300000,0x000000a164400000)]
  0x000001e3e15a9000 JavaThread "Signal Dispatcher" daemon [_thread_blocked, id=10448, stack(0x000000a164400000,0x000000a164500000)]
  0x000001e3e1596800 JavaThread "Attach Listener" daemon [_thread_blocked, id=15644, stack(0x000000a164500000,0x000000a164600000)]
  0x000001e3e159c000 JavaThread "C2 CompilerThread0" daemon [_thread_blocked, id=4956, stack(0x000000a164600000,0x000000a164700000)]
  0x000001e3e159e000 JavaThread "C1 CompilerThread0" daemon [_thread_blocked, id=4848, stack(0x000000a164700000,0x000000a164800000)]
  0x000001e3e15ba000 JavaThread "Sweeper thread" daemon [_thread_blocked, id=15968, stack(0x000000a164800000,0x000000a164900000)]
  0x000001e3e1558800 JavaThread "Common-Cleaner" daemon [_thread_blocked, id=4992, stack(0x000000a164900000,0x000000a164a00000)]
  0x000001e3e2299800 JavaThread "Service Thread" daemon [_thread_blocked, id=13976, stack(0x000000a164d00000,0x000000a164e00000)]
  0x000001e3e39ad000 JavaThread "Active Thread: Equinox Container: e878d3e0-5824-455a-aa6d-611f04d7ef34" [_thread_blocked, id=6040, stack(0x000000a165300000,0x000000a165400000)]
  0x000001e3e21c0000 JavaThread "Framework Event Dispatcher: Equinox Container: e878d3e0-5824-455a-aa6d-611f04d7ef34" daemon [_thread_blocked, id=13144, stack(0x000000a164b00000,0x000000a164c00000)]
  0x000001e3e3f10800 JavaThread "Start Level: Equinox Container: e878d3e0-5824-455a-aa6d-611f04d7ef34" daemon [_thread_blocked, id=15856, stack(0x000000a164c00000,0x000000a164d00000)]
  0x000001e3e300e000 JavaThread "Worker-JM" [_thread_blocked, id=10696, stack(0x000000a164f00000,0x000000a165000000)]
  0x000001e3e367b800 JavaThread "Java indexing" daemon [_thread_blocked, id=13332, stack(0x000000a165900000,0x000000a165a00000)]
  0x000001e3e5b22800 JavaThread "pool-1-thread-1" [_thread_blocked, id=13876, stack(0x000000a166400000,0x000000a166500000)]
  0x000001e3e498c800 JavaThread "Bundle File Closer" daemon [_thread_blocked, id=3436, stack(0x000000a165700000,0x000000a165800000)]
  0x000001e3f3756000 JavaThread "ForkJoinPool.commonPool-worker-19" daemon [_thread_blocked, id=16008, stack(0x000000a167500000,0x000000a167600000)]
  0x000001e3f3754800 JavaThread "ForkJoinPool.commonPool-worker-5" daemon [_thread_blocked, id=3128, stack(0x000000a167600000,0x000000a167700000)]
  0x000001e3f3758800 JavaThread "ForkJoinPool.commonPool-worker-23" daemon [_thread_blocked, id=14096, stack(0x000000a165400000,0x000000a165500000)]
  0x000001e3f375c800 JavaThread "RMI TCP Accept-0" daemon [_thread_in_native, id=7532, stack(0x000000a167100000,0x000000a167200000)]
  0x000001e3f375d800 JavaThread "RMI TCP Connection(51)-10.0.75.1" daemon [_thread_in_native, id=15196, stack(0x000000a167200000,0x000000a167300000)]
  0x000001e3f3757000 JavaThread "RMI Scheduler(0)" daemon [_thread_blocked, id=14476, stack(0x000000a164a00000,0x000000a164b00000)]
  0x000001e3f375b000 JavaThread "JMX server connection timeout 62" daemon [_thread_blocked, id=8936, stack(0x000000a166900000,0x000000a166a00000)]
  0x000001e3f3755800 JavaThread "ForkJoinPool.commonPool-worker-9" daemon [_thread_blocked, id=13424, stack(0x000000a163700000,0x000000a163800000)]
  0x000001e3f375c000 JavaThread "ForkJoinPool.commonPool-worker-27" daemon [_thread_blocked, id=6056, stack(0x000000a163800000,0x000000a163900000)]
  0x000001e3f3762800 JavaThread "ForkJoinPool.commonPool-worker-13" daemon [_thread_blocked, id=6400, stack(0x000000a167800000,0x000000a167900000)]
  0x000001e3f3759800 JavaThread "ForkJoinPool.commonPool-worker-31" daemon [_thread_blocked, id=15436, stack(0x000000a163900000,0x000000a163a00000)]
  0x000001e3f375f000 JavaThread "ForkJoinPool.commonPool-worker-17" daemon [_thread_blocked, id=3028, stack(0x000000a165a00000,0x000000a165b00000)]
  0x000001e3f3760000 JavaThread "ForkJoinPool.commonPool-worker-3" daemon [_thread_blocked, id=14880, stack(0x000000a166c00000,0x000000a166d00000)]
  0x000001e3e4989000 JavaThread "ForkJoinPool.commonPool-worker-21" daemon [_thread_blocked, id=9492, stack(0x000000a166d00000,0x000000a166e00000)]
  0x000001e3f375a800 JavaThread "ForkJoinPool.commonPool-worker-25" daemon [_thread_blocked, id=7020, stack(0x000000a167d00000,0x000000a167e00000)]
  0x000001e3f3763000 JavaThread "ForkJoinPool.commonPool-worker-11" daemon [_thread_blocked, id=13140, stack(0x000000a167e00000,0x000000a167f00000)]
  0x000001e3f3761000 JavaThread "ForkJoinPool.commonPool-worker-29" daemon [_thread_blocked, id=9036, stack(0x000000a167f00000,0x000000a168000000)]
  0x000001e3f3761800 JavaThread "ForkJoinPool.commonPool-worker-15" daemon [_thread_blocked, id=13268, stack(0x000000a168000000,0x000000a168100000)]
  0x000001e3f4bb2800 JavaThread "ForkJoinPool.commonPool-worker-1" daemon [_thread_blocked, id=13244, stack(0x000000a167900000,0x000000a167a00000)]
  0x000001e3f4bb5000 JavaThread "Worker-29" [_thread_blocked, id=14780, stack(0x000000a165600000,0x000000a165700000)]
  0x000001e3f4bb7800 JavaThread "Worker-30" [_thread_blocked, id=7064, stack(0x000000a165800000,0x000000a165900000)]
  0x000001e3f4bb5800 JavaThread "Worker-32" [_thread_blocked, id=6828, stack(0x000000a165500000,0x000000a165600000)]
  0x000001e3f4bb6800 JavaThread "Worker-33" [_thread_blocked, id=10488, stack(0x000000a166600000,0x000000a166700000)]
  0x000001e3f4bb9000 JavaThread "Worker-34" [_thread_blocked, id=4000, stack(0x000000a167400000,0x000000a167500000)]

Other Threads:
  0x000001e3e156e000 VMThread "VM Thread" [stack: 0x000000a164100000,0x000000a164200000] [id=11448]
  0x000001e3e22b2800 WatcherThread [stack: 0x000000a164e00000,0x000000a164f00000] [id=9892]
  0x000001e3c4396800 GCTaskThread "GC Thread#0" [stack: 0x000000a163b00000,0x000000a163c00000] [id=6620]
  0x000001e3e2c35800 GCTaskThread "GC Thread#1" [stack: 0x000000a165100000,0x000000a165200000] [id=10468]
  0x000001e3e3492800 GCTaskThread "GC Thread#2" [stack: 0x000000a165200000,0x000000a165300000] [id=14556]
  0x000001e3e3384000 GCTaskThread "GC Thread#3" [stack: 0x000000a165b00000,0x000000a165c00000] [id=3792]
  0x000001e3e3f8d800 GCTaskThread "GC Thread#4" [stack: 0x000000a165c00000,0x000000a165d00000] [id=13108]
  0x000001e3e4158000 GCTaskThread "GC Thread#5" [stack: 0x000000a165d00000,0x000000a165e00000] [id=15372]
=>0x000001e3e3f58800 GCTaskThread "GC Thread#6" [stack: 0x000000a165e00000,0x000000a165f00000] [id=14992]
  0x000001e3e3f59000 GCTaskThread "GC Thread#7" [stack: 0x000000a165f00000,0x000000a166000000] [id=13684]
  0x000001e3e3f5a000 GCTaskThread "GC Thread#8" [stack: 0x000000a166000000,0x000000a166100000] [id=3328]
  0x000001e3e3f5a800 GCTaskThread "GC Thread#9" [stack: 0x000000a166100000,0x000000a166200000] [id=11208]
  0x000001e3e30c8000 GCTaskThread "GC Thread#10" [stack: 0x000000a166200000,0x000000a166300000] [id=15452]
  0x000001e3e30c9000 GCTaskThread "GC Thread#11" [stack: 0x000000a166300000,0x000000a166400000] [id=15612]
  0x000001e3e59ed800 GCTaskThread "GC Thread#12" [stack: 0x000000a166500000,0x000000a166600000] [id=16352]
  0x000001e3c439f000 ConcurrentGCThread "G1 Main Marker" [stack: 0x000000a163c00000,0x000000a163d00000] [id=16084]
  0x000001e3c43a1000 ConcurrentGCThread "G1 Conc#0" [stack: 0x000000a163d00000,0x000000a163e00000] [id=13892]
  0x000001e3e4113800 ConcurrentGCThread "G1 Conc#1" [stack: 0x000000a166700000,0x000000a166800000] [id=16188]
  0x000001e3e47ce000 ConcurrentGCThread "G1 Conc#2" [stack: 0x000000a166800000,0x000000a166900000] [id=10356]
  0x000001e3e13ea800 ConcurrentGCThread "G1 Refine#0" [stack: 0x000000a163e00000,0x000000a163f00000] [id=8576]
  0x000001e3f0f05800 ConcurrentGCThread "G1 Refine#1" [stack: 0x000000a165000000,0x000000a165100000] [id=13416]
  0x000001e3e2a98800 ConcurrentGCThread "G1 Refine#2" [stack: 0x000000a166a00000,0x000000a166b00000] [id=3208]
  0x000001e3f7390800 ConcurrentGCThread "G1 Refine#3" [stack: 0x000000a166b00000,0x000000a166c00000] [id=1896]
  0x000001e3f1cfc000 ConcurrentGCThread "G1 Refine#4" [stack: 0x000000a166e00000,0x000000a166f00000] [id=7804]
  0x000001e3f1cfd000 ConcurrentGCThread "G1 Refine#5" [stack: 0x000000a166f00000,0x000000a167000000] [id=9248]
  0x000001e3f1cf8800 ConcurrentGCThread "G1 Refine#6" [stack: 0x000000a167000000,0x000000a167100000] [id=9324]
  0x000001e3c443e000 ConcurrentGCThread "G1 Young RemSet Sampling" [stack: 0x000000a163f00000,0x000000a164000000] [id=6996]
  0x000001e3e13ef000 ConcurrentGCThread "StrDedup" [stack: 0x000000a164000000,0x000000a164100000] [id=14696]

Threads with active compile tasks:

VM state:at safepoint (normal execution)

VM Mutex/Monitor currently owned by a thread:  ([mutex/lock_event])
[0x000001e3c4363a60] Threads_lock - owner thread: 0x000001e3e156e000
[0x000001e3c4364f30] Heap_lock - owner thread: 0x000001e3e5b22800

Heap address: 0x00000000c0000000, size: 1024 MB, Compressed Oops mode: 32-bit
Narrow klass base: 0x0000000800000000, Narrow klass shift: 3
Compressed class space size: 1073741824 Address: 0x00000008011a0000

Heap:
 garbage-first heap   total 408576K, used 353844K [0x00000000c0000000, 0x0000000100000000)
  region size 1024K, 226 young (231424K), 1 survivors (1024K)
 Metaspace       used 78798K, capacity 82440K, committed 82864K, reserved 1124352K
  class space    used 7059K, capacity 8335K, committed 8448K, reserved 1048576K
Heap Regions: E=young(eden), S=young(survivor), O=old, HS=humongous(starts), HC=humongous(continues), CS=collection set, F=free, A=archive, TAMS=top-at-mark-start (previous, next)
|   0|0x00000000c0000000, 0x00000000c0100000, 0x00000000c0100000|100%| O|  |TAMS 0x00000000c0100000, 0x00000000c0000000| Complete 
|   1|0x00000000c0100000, 0x00000000c0200000, 0x00000000c0200000|100%| O|  |TAMS 0x00000000c0200000, 0x00000000c0100000| Untracked 
|   2|0x00000000c0200000, 0x00000000c0300000, 0x00000000c0300000|100%| O|  |TAMS 0x00000000c0300000, 0x00000000c0200000| Untracked 
|   3|0x00000000c0300000, 0x00000000c0400000, 0x00000000c0400000|100%| O|  |TAMS 0x00000000c0400000, 0x00000000c0300000| Complete 
|   4|0x00000000c0400000, 0x00000000c0500000, 0x00000000c0500000|100%| O|  |TAMS 0x00000000c0500000, 0x00000000c0400000| Complete 
|   5|0x00000000c0500000, 0x00000000c0600000, 0x00000000c0600000|100%| O|  |TAMS 0x00000000c0600000, 0x00000000c0500000| Complete 
|   6|0x00000000c0600000, 0x00000000c0700000, 0x00000000c0700000|100%| O|  |TAMS 0x00000000c0700000, 0x00000000c0600000| Untracked 
|   7|0x00000000c0700000, 0x00000000c0800000, 0x00000000c0800000|100%| O|  |TAMS 0x00000000c0800000, 0x00000000c0700000| Complete 
|   8|0x00000000c0800000, 0x00000000c0900000, 0x00000000c0900000|100%| O|  |TAMS 0x00000000c0900000, 0x00000000c0800000| Complete 
|   9|0x00000000c0900000, 0x00000000c0a00000, 0x00000000c0a00000|100%| O|  |TAMS 0x00000000c0a00000, 0x00000000c0900000| Complete 
|  10|0x00000000c0a00000, 0x00000000c0b00000, 0x00000000c0b00000|100%| O|  |TAMS 0x00000000c0b00000, 0x00000000c0a00000| Untracked 
|  11|0x00000000c0b00000, 0x00000000c0c00000, 0x00000000c0c00000|100%| O|  |TAMS 0x00000000c0c00000, 0x00000000c0b00000| Complete 
|  12|0x00000000c0c00000, 0x00000000c0d00000, 0x00000000c0d00000|100%| O|  |TAMS 0x00000000c0d00000, 0x00000000c0c00000| Untracked 
|  13|0x00000000c0d00000, 0x00000000c0e00000, 0x00000000c0e00000|100%| O|  |TAMS 0x00000000c0e00000, 0x00000000c0d00000| Untracked 
|  14|0x00000000c0e00000, 0x00000000c0f00000, 0x00000000c0f00000|100%| O|  |TAMS 0x00000000c0f00000, 0x00000000c0e00000| Untracked 
|  15|0x00000000c0f00000, 0x00000000c1000000, 0x00000000c1000000|100%| O|  |TAMS 0x00000000c1000000, 0x00000000c0f00000| Untracked 
|  16|0x00000000c1000000, 0x00000000c1100000, 0x00000000c1100000|100%| O|  |TAMS 0x00000000c1100000, 0x00000000c1000000| Complete 
|  17|0x00000000c1100000, 0x00000000c1200000, 0x00000000c1200000|100%| O|  |TAMS 0x00000000c1200000, 0x00000000c1100000| Complete 
|  18|0x00000000c1200000, 0x00000000c1300000, 0x00000000c1300000|100%| O|  |TAMS 0x00000000c1300000, 0x00000000c1200000| Untracked 
|  19|0x00000000c1300000, 0x00000000c1400000, 0x00000000c1400000|100%| O|  |TAMS 0x00000000c1400000, 0x00000000c1300000| Complete 
|  20|0x00000000c1400000, 0x00000000c1500000, 0x00000000c1500000|100%| O|  |TAMS 0x00000000c1500000, 0x00000000c1400000| Complete 
|  21|0x00000000c1500000, 0x00000000c1600000, 0x00000000c1600000|100%| O|  |TAMS 0x00000000c1600000, 0x00000000c1500000| Complete 
|  22|0x00000000c1600000, 0x00000000c1700000, 0x00000000c1700000|100%| O|  |TAMS 0x00000000c1700000, 0x00000000c1600000| Complete 
|  23|0x00000000c1700000, 0x00000000c1800000, 0x00000000c1800000|100%|HS|  |TAMS 0x00000000c1800000, 0x00000000c1700000| Complete 
|  24|0x00000000c1800000, 0x00000000c1900000, 0x00000000c1900000|100%| O|  |TAMS 0x00000000c1900000, 0x00000000c1800000| Complete 
|  25|0x00000000c1900000, 0x00000000c1a00000, 0x00000000c1a00000|100%| O|  |TAMS 0x00000000c1a00000, 0x00000000c1900000| Complete 
|  26|0x00000000c1a00000, 0x00000000c1b00000, 0x00000000c1b00000|100%| O|  |TAMS 0x00000000c1b00000, 0x00000000c1a00000| Complete 
|  27|0x00000000c1b00000, 0x00000000c1c00000, 0x00000000c1c00000|100%| O|  |TAMS 0x00000000c1c00000, 0x00000000c1b00000| Untracked 
|  28|0x00000000c1c00000, 0x00000000c1d00000, 0x00000000c1d00000|100%| O|  |TAMS 0x00000000c1d00000, 0x00000000c1c00000| Complete 
|  29|0x00000000c1d00000, 0x00000000c1e00000, 0x00000000c1e00000|100%| O|  |TAMS 0x00000000c1e00000, 0x00000000c1d00000| Untracked 
|  30|0x00000000c1e00000, 0x00000000c1f00000, 0x00000000c1f00000|100%| O|  |TAMS 0x00000000c1f00000, 0x00000000c1e00000| Complete 
|  31|0x00000000c1f00000, 0x00000000c2000000, 0x00000000c2000000|100%| O|  |TAMS 0x00000000c2000000, 0x00000000c1f00000| Complete 
|  32|0x00000000c2000000, 0x00000000c2100000, 0x00000000c2100000|100%| O|  |TAMS 0x00000000c2100000, 0x00000000c2000000| Complete 
|  33|0x00000000c2100000, 0x00000000c2200000, 0x00000000c2200000|100%| O|  |TAMS 0x00000000c2200000, 0x00000000c2100000| Complete 
|  34|0x00000000c2200000, 0x00000000c2300000, 0x00000000c2300000|100%| O|  |TAMS 0x00000000c2300000, 0x00000000c2200000| Complete 
|  35|0x00000000c2300000, 0x00000000c2400000, 0x00000000c2400000|100%| O|  |TAMS 0x00000000c2400000, 0x00000000c2300000| Complete 
|  36|0x00000000c2400000, 0x00000000c2500000, 0x00000000c2500000|100%| O|  |TAMS 0x00000000c2500000, 0x00000000c2400000| Untracked 
|  37|0x00000000c2500000, 0x00000000c2600000, 0x00000000c2600000|100%| O|  |TAMS 0x00000000c2600000, 0x00000000c2500000| Complete 
|  38|0x00000000c2600000, 0x00000000c2700000, 0x00000000c2700000|100%| O|  |TAMS 0x00000000c2700000, 0x00000000c2600000| Untracked 
|  39|0x00000000c2700000, 0x00000000c2800000, 0x00000000c2800000|100%| O|  |TAMS 0x00000000c2800000, 0x00000000c2700000| Complete 
|  40|0x00000000c2800000, 0x00000000c2900000, 0x00000000c2900000|100%| O|  |TAMS 0x00000000c2900000, 0x00000000c2800000| Complete 
|  41|0x00000000c2900000, 0x00000000c2a00000, 0x00000000c2a00000|100%| O|  |TAMS 0x00000000c2a00000, 0x00000000c2900000| Untracked 
|  42|0x00000000c2a00000, 0x00000000c2b00000, 0x00000000c2b00000|100%| O|  |TAMS 0x00000000c2b00000, 0x00000000c2a00000| Untracked 
|  43|0x00000000c2b00000, 0x00000000c2c00000, 0x00000000c2c00000|100%|HS|  |TAMS 0x00000000c2c00000, 0x00000000c2b00000| Complete 
|  44|0x00000000c2c00000, 0x00000000c2d00000, 0x00000000c2d00000|100%| O|  |TAMS 0x00000000c2d00000, 0x00000000c2c00000| Complete 
|  45|0x00000000c2d00000, 0x00000000c2e00000, 0x00000000c2e00000|100%| O|  |TAMS 0x00000000c2e00000, 0x00000000c2d00000| Complete 
|  46|0x00000000c2e00000, 0x00000000c2f00000, 0x00000000c2f00000|100%| O|  |TAMS 0x00000000c2f00000, 0x00000000c2e00000| Untracked 
|  47|0x00000000c2f00000, 0x00000000c3000000, 0x00000000c3000000|100%| O|  |TAMS 0x00000000c3000000, 0x00000000c2f00000| Untracked 
|  48|0x00000000c3000000, 0x00000000c3100000, 0x00000000c3100000|100%| O|  |TAMS 0x00000000c3100000, 0x00000000c3000000| Complete 
|  49|0x00000000c3100000, 0x00000000c3200000, 0x00000000c3200000|100%| O|  |TAMS 0x00000000c3200000, 0x00000000c3100000| Complete 
|  50|0x00000000c3200000, 0x00000000c3300000, 0x00000000c3300000|100%| O|  |TAMS 0x00000000c3300000, 0x00000000c3200000| Complete 
|  51|0x00000000c3300000, 0x00000000c3400000, 0x00000000c3400000|100%| O|  |TAMS 0x00000000c3400000, 0x00000000c3300000| Complete 
|  52|0x00000000c3400000, 0x00000000c3500000, 0x00000000c3500000|100%| O|  |TAMS 0x00000000c3500000, 0x00000000c3400000| Complete 
|  53|0x00000000c3500000, 0x00000000c3600000, 0x00000000c3600000|100%| O|  |TAMS 0x00000000c3600000, 0x00000000c3500000| Untracked 
|  54|0x00000000c3600000, 0x00000000c3700000, 0x00000000c3700000|100%| O|  |TAMS 0x00000000c3700000, 0x00000000c3600000| Complete 
|  55|0x00000000c3700000, 0x00000000c3800000, 0x00000000c3800000|100%| O|  |TAMS 0x00000000c3800000, 0x00000000c3700000| Untracked 
|  56|0x00000000c3800000, 0x00000000c3800000, 0x00000000c3900000|  0%| F|  |TAMS 0x00000000c3800000, 0x00000000c3800000| Untracked 
|  57|0x00000000c3900000, 0x00000000c3a00000, 0x00000000c3a00000|100%| O|  |TAMS 0x00000000c3a00000, 0x00000000c3900000| Complete 
|  58|0x00000000c3a00000, 0x00000000c3b00000, 0x00000000c3b00000|100%| O|  |TAMS 0x00000000c3b00000, 0x00000000c3a00000| Untracked 
|  59|0x00000000c3b00000, 0x00000000c3c00000, 0x00000000c3c00000|100%| O|  |TAMS 0x00000000c3c00000, 0x00000000c3b00000| Untracked 
|  60|0x00000000c3c00000, 0x00000000c3d00000, 0x00000000c3d00000|100%| O|  |TAMS 0x00000000c3d00000, 0x00000000c3c00000| Complete 
|  61|0x00000000c3d00000, 0x00000000c3e00000, 0x00000000c3e00000|100%| O|  |TAMS 0x00000000c3e00000, 0x00000000c3d00000| Complete 
|  62|0x00000000c3e00000, 0x00000000c3f00000, 0x00000000c3f00000|100%| O|  |TAMS 0x00000000c3f00000, 0x00000000c3e00000| Complete 
|  63|0x00000000c3f00000, 0x00000000c3f00000, 0x00000000c4000000|  0%| F|  |TAMS 0x00000000c3f00000, 0x00000000c3f00000| Untracked 
|  64|0x00000000c4000000, 0x00000000c4100000, 0x00000000c4100000|100%| O|  |TAMS 0x00000000c4100000, 0x00000000c4000000| Complete 
|  65|0x00000000c4100000, 0x00000000c4200000, 0x00000000c4200000|100%| O|  |TAMS 0x00000000c4200000, 0x00000000c4100000| Complete 
|  66|0x00000000c4200000, 0x00000000c4300000, 0x00000000c4300000|100%| O|  |TAMS 0x00000000c4300000, 0x00000000c4200000| Complete 
|  67|0x00000000c4300000, 0x00000000c4400000, 0x00000000c4400000|100%| O|  |TAMS 0x00000000c4400000, 0x00000000c4300000| Complete 
|  68|0x00000000c4400000, 0x00000000c4500000, 0x00000000c4500000|100%| O|  |TAMS 0x00000000c4500000, 0x00000000c4400000| Complete 
|  69|0x00000000c4500000, 0x00000000c4600000, 0x00000000c4600000|100%| O|  |TAMS 0x00000000c4600000, 0x00000000c4500000| Complete 
|  70|0x00000000c4600000, 0x00000000c4700000, 0x00000000c4700000|100%| O|  |TAMS 0x00000000c4700000, 0x00000000c4600000| Complete 
|  71|0x00000000c4700000, 0x00000000c4800000, 0x00000000c4800000|100%| O|  |TAMS 0x00000000c4800000, 0x00000000c4700000| Untracked 
|  72|0x00000000c4800000, 0x00000000c483e400, 0x00000000c4900000| 24%| O|  |TAMS 0x00000000c483e400, 0x00000000c4800000| Untracked 
|  73|0x00000000c4900000, 0x00000000c4a00000, 0x00000000c4a00000|100%| O|  |TAMS 0x00000000c4a00000, 0x00000000c4900000| Untracked 
|  74|0x00000000c4a00000, 0x00000000c4a00000, 0x00000000c4b00000|  0%| F|  |TAMS 0x00000000c4a00000, 0x00000000c4a00000| Untracked 
|  75|0x00000000c4b00000, 0x00000000c4c00000, 0x00000000c4c00000|100%| O|  |TAMS 0x00000000c4c00000, 0x00000000c4b00000| Untracked 
|  76|0x00000000c4c00000, 0x00000000c4d00000, 0x00000000c4d00000|100%| O|  |TAMS 0x00000000c4d00000, 0x00000000c4c00000| Untracked 
|  77|0x00000000c4d00000, 0x00000000c4e00000, 0x00000000c4e00000|100%| O|  |TAMS 0x00000000c4e00000, 0x00000000c4d00000| Untracked 
|  78|0x00000000c4e00000, 0x00000000c4e00000, 0x00000000c4f00000|  0%| F|  |TAMS 0x00000000c4e00000, 0x00000000c4e00000| Untracked 
|  79|0x00000000c4f00000, 0x00000000c4f00000, 0x00000000c5000000|  0%| F|  |TAMS 0x00000000c4f00000, 0x00000000c4f00000| Untracked 
|  80|0x00000000c5000000, 0x00000000c5000000, 0x00000000c5100000|  0%| F|  |TAMS 0x00000000c5000000, 0x00000000c5000000| Untracked 
|  81|0x00000000c5100000, 0x00000000c5100000, 0x00000000c5200000|  0%| F|  |TAMS 0x00000000c5100000, 0x00000000c5100000| Untracked 
|  82|0x00000000c5200000, 0x00000000c5300000, 0x00000000c5300000|100%| O|  |TAMS 0x00000000c5300000, 0x00000000c5200000| Untracked 
|  83|0x00000000c5300000, 0x00000000c5300000, 0x00000000c5400000|  0%| F|  |TAMS 0x00000000c5300000, 0x00000000c5300000| Untracked 
|  84|0x00000000c5400000, 0x00000000c5400000, 0x00000000c5500000|  0%| F|  |TAMS 0x00000000c5400000, 0x00000000c5400000| Untracked 
|  85|0x00000000c5500000, 0x00000000c5500000, 0x00000000c5600000|  0%| F|  |TAMS 0x00000000c5500000, 0x00000000c5500000| Untracked 
|  86|0x00000000c5600000, 0x00000000c5600000, 0x00000000c5700000|  0%| F|  |TAMS 0x00000000c5600000, 0x00000000c5600000| Untracked 
|  87|0x00000000c5700000, 0x00000000c5700000, 0x00000000c5800000|  0%| F|  |TAMS 0x00000000c5700000, 0x00000000c5700000| Untracked 
|  88|0x00000000c5800000, 0x00000000c5800000, 0x00000000c5900000|  0%| F|  |TAMS 0x00000000c5800000, 0x00000000c5800000| Untracked 
|  89|0x00000000c5900000, 0x00000000c5a00000, 0x00000000c5a00000|100%| O|  |TAMS 0x00000000c5a00000, 0x00000000c5900000| Untracked 
|  90|0x00000000c5a00000, 0x00000000c5b00000, 0x00000000c5b00000|100%| O|  |TAMS 0x00000000c5b00000, 0x00000000c5a00000| Untracked 
|  91|0x00000000c5b00000, 0x00000000c5c00000, 0x00000000c5c00000|100%| O|  |TAMS 0x00000000c5c00000, 0x00000000c5b00000| Untracked 
|  92|0x00000000c5c00000, 0x00000000c5c00000, 0x00000000c5d00000|  0%| F|  |TAMS 0x00000000c5c00000, 0x00000000c5c00000| Untracked 
|  93|0x00000000c5d00000, 0x00000000c5e00000, 0x00000000c5e00000|100%| O|  |TAMS 0x00000000c5e00000, 0x00000000c5d00000| Untracked 
|  94|0x00000000c5e00000, 0x00000000c5f00000, 0x00000000c5f00000|100%| O|  |TAMS 0x00000000c5f00000, 0x00000000c5e00000| Untracked 
|  95|0x00000000c5f00000, 0x00000000c6000000, 0x00000000c6000000|100%| O|  |TAMS 0x00000000c6000000, 0x00000000c5f00000| Untracked 
|  96|0x00000000c6000000, 0x00000000c6000000, 0x00000000c6100000|  0%| F|  |TAMS 0x00000000c6000000, 0x00000000c6000000| Untracked 
|  97|0x00000000c6100000, 0x00000000c6100000, 0x00000000c6200000|  0%| F|  |TAMS 0x00000000c6100000, 0x00000000c6100000| Untracked 
|  98|0x00000000c6200000, 0x00000000c6200000, 0x00000000c6300000|  0%| F|  |TAMS 0x00000000c6200000, 0x00000000c6200000| Untracked 
|  99|0x00000000c6300000, 0x00000000c6300000, 0x00000000c6400000|  0%| F|  |TAMS 0x00000000c6300000, 0x00000000c6300000| Untracked 
| 100|0x00000000c6400000, 0x00000000c6400000, 0x00000000c6500000|  0%| F|  |TAMS 0x00000000c6400000, 0x00000000c6400000| Untracked 
| 101|0x00000000c6500000, 0x00000000c6500000, 0x00000000c6600000|  0%| F|  |TAMS 0x00000000c6500000, 0x00000000c6500000| Untracked 
| 102|0x00000000c6600000, 0x00000000c6600000, 0x00000000c6700000|  0%| F|  |TAMS 0x00000000c6600000, 0x00000000c6600000| Untracked 
| 103|0x00000000c6700000, 0x00000000c6800000, 0x00000000c6800000|100%| O|  |TAMS 0x00000000c6800000, 0x00000000c6700000| Untracked 
| 104|0x00000000c6800000, 0x00000000c6800000, 0x00000000c6900000|  0%| F|  |TAMS 0x00000000c6800000, 0x00000000c6800000| Untracked 
| 105|0x00000000c6900000, 0x00000000c6900000, 0x00000000c6a00000|  0%| F|  |TAMS 0x00000000c6900000, 0x00000000c6900000| Untracked 
| 106|0x00000000c6a00000, 0x00000000c6b00000, 0x00000000c6b00000|100%| O|  |TAMS 0x00000000c6b00000, 0x00000000c6a00000| Untracked 
| 107|0x00000000c6b00000, 0x00000000c6c00000, 0x00000000c6c00000|100%| O|  |TAMS 0x00000000c6c00000, 0x00000000c6b00000| Complete 
| 108|0x00000000c6c00000, 0x00000000c6c00000, 0x00000000c6d00000|  0%| F|  |TAMS 0x00000000c6c00000, 0x00000000c6c00000| Untracked 
| 109|0x00000000c6d00000, 0x00000000c6e00000, 0x00000000c6e00000|100%| O|  |TAMS 0x00000000c6e00000, 0x00000000c6d00000| Complete 
| 110|0x00000000c6e00000, 0x00000000c6f00000, 0x00000000c6f00000|100%| O|  |TAMS 0x00000000c6f00000, 0x00000000c6e00000| Complete 
| 111|0x00000000c6f00000, 0x00000000c7000000, 0x00000000c7000000|100%| O|  |TAMS 0x00000000c7000000, 0x00000000c6f00000| Complete 
| 112|0x00000000c7000000, 0x00000000c7100000, 0x00000000c7100000|100%| O|  |TAMS 0x00000000c7100000, 0x00000000c7000000| Complete 
| 113|0x00000000c7100000, 0x00000000c7200000, 0x00000000c7200000|100%| O|  |TAMS 0x00000000c7200000, 0x00000000c7100000| Complete 
| 114|0x00000000c7200000, 0x00000000c7200000, 0x00000000c7300000|  0%| F|  |TAMS 0x00000000c7200000, 0x00000000c7200000| Untracked 
| 115|0x00000000c7300000, 0x00000000c7400000, 0x00000000c7400000|100%| O|  |TAMS 0x00000000c7400000, 0x00000000c7300000| Complete 
| 116|0x00000000c7400000, 0x00000000c7500000, 0x00000000c7500000|100%| O|  |TAMS 0x00000000c7500000, 0x00000000c7400000| Complete 
| 117|0x00000000c7500000, 0x00000000c7600000, 0x00000000c7600000|100%| O|  |TAMS 0x00000000c7600000, 0x00000000c7500000| Complete 
| 118|0x00000000c7600000, 0x00000000c7700000, 0x00000000c7700000|100%| O|  |TAMS 0x00000000c7700000, 0x00000000c7600000| Complete 
| 119|0x00000000c7700000, 0x00000000c7800000, 0x00000000c7800000|100%| O|  |TAMS 0x00000000c7800000, 0x00000000c7700000| Complete 
| 120|0x00000000c7800000, 0x00000000c7900000, 0x00000000c7900000|100%| O|  |TAMS 0x00000000c7900000, 0x00000000c7800000| Complete 
| 121|0x00000000c7900000, 0x00000000c7a00000, 0x00000000c7a00000|100%| O|  |TAMS 0x00000000c7a00000, 0x00000000c7900000| Complete 
| 122|0x00000000c7a00000, 0x00000000c7b00000, 0x00000000c7b00000|100%| O|  |TAMS 0x00000000c7b00000, 0x00000000c7a00000| Complete 
| 123|0x00000000c7b00000, 0x00000000c7c00000, 0x00000000c7c00000|100%| O|  |TAMS 0x00000000c7c00000, 0x00000000c7b00000| Complete 
| 124|0x00000000c7c00000, 0x00000000c7d00000, 0x00000000c7d00000|100%| O|  |TAMS 0x00000000c7d00000, 0x00000000c7c00000| Complete 
| 125|0x00000000c7d00000, 0x00000000c7e00000, 0x00000000c7e00000|100%| O|  |TAMS 0x00000000c7e00000, 0x00000000c7d00000| Complete 
| 126|0x00000000c7e00000, 0x00000000c7f00000, 0x00000000c7f00000|100%| O|  |TAMS 0x00000000c7f00000, 0x00000000c7e00000| Complete 
| 127|0x00000000c7f00000, 0x00000000c8000000, 0x00000000c8000000|100%| O|  |TAMS 0x00000000c8000000, 0x00000000c7f00000| Complete 
| 128|0x00000000c8000000, 0x00000000c8100000, 0x00000000c8100000|100%| O|  |TAMS 0x00000000c8100000, 0x00000000c8000000| Complete 
| 129|0x00000000c8100000, 0x00000000c8200000, 0x00000000c8200000|100%| O|  |TAMS 0x00000000c8200000, 0x00000000c8100000| Complete 
| 130|0x00000000c8200000, 0x00000000c8300000, 0x00000000c8300000|100%| O|  |TAMS 0x00000000c8300000, 0x00000000c8200000| Complete 
| 131|0x00000000c8300000, 0x00000000c8400000, 0x00000000c8400000|100%| O|  |TAMS 0x00000000c8400000, 0x00000000c8300000| Complete 
| 132|0x00000000c8400000, 0x00000000c8400000, 0x00000000c8500000|  0%| F|  |TAMS 0x00000000c8400000, 0x00000000c8400000| Untracked 
| 133|0x00000000c8500000, 0x00000000c8600000, 0x00000000c8600000|100%|HS|  |TAMS 0x00000000c8600000, 0x00000000c8500000| Complete 
| 134|0x00000000c8600000, 0x00000000c8700000, 0x00000000c8700000|100%|HC|  |TAMS 0x00000000c8700000, 0x00000000c8600000| Complete 
| 135|0x00000000c8700000, 0x00000000c8800000, 0x00000000c8800000|100%| O|  |TAMS 0x00000000c8800000, 0x00000000c8700000| Complete 
| 136|0x00000000c8800000, 0x00000000c8900000, 0x00000000c8900000|100%| O|  |TAMS 0x00000000c8900000, 0x00000000c8800000| Untracked 
| 137|0x00000000c8900000, 0x00000000c8a00000, 0x00000000c8a00000|100%| O|  |TAMS 0x00000000c8a00000, 0x00000000c8900000| Untracked 
| 138|0x00000000c8a00000, 0x00000000c8b00000, 0x00000000c8b00000|100%| O|  |TAMS 0x00000000c8b00000, 0x00000000c8a00000| Untracked 
| 139|0x00000000c8b00000, 0x00000000c8c00000, 0x00000000c8c00000|100%| O|  |TAMS 0x00000000c8c00000, 0x00000000c8b00000| Untracked 
| 140|0x00000000c8c00000, 0x00000000c8c00000, 0x00000000c8d00000|  0%| F|  |TAMS 0x00000000c8c00000, 0x00000000c8c00000| Untracked 
| 141|0x00000000c8d00000, 0x00000000c8e00000, 0x00000000c8e00000|100%| O|  |TAMS 0x00000000c8e00000, 0x00000000c8d00000| Complete 
| 142|0x00000000c8e00000, 0x00000000c8f00000, 0x00000000c8f00000|100%| O|  |TAMS 0x00000000c8f00000, 0x00000000c8e00000| Complete 
| 143|0x00000000c8f00000, 0x00000000c9000000, 0x00000000c9000000|100%| O|  |TAMS 0x00000000c9000000, 0x00000000c8f00000| Complete 
| 144|0x00000000c9000000, 0x00000000c9100000, 0x00000000c9100000|100%| O|  |TAMS 0x00000000c9100000, 0x00000000c9000000| Complete 
| 145|0x00000000c9100000, 0x00000000c9200000, 0x00000000c9200000|100%| O|  |TAMS 0x00000000c9200000, 0x00000000c9100000| Untracked 
| 146|0x00000000c9200000, 0x00000000c9300000, 0x00000000c9300000|100%| O|  |TAMS 0x00000000c9300000, 0x00000000c9200000| Untracked 
| 147|0x00000000c9300000, 0x00000000c9300000, 0x00000000c9400000|  0%| F|  |TAMS 0x00000000c9300000, 0x00000000c9300000| Untracked 
| 148|0x00000000c9400000, 0x00000000c9400000, 0x00000000c9500000|  0%| F|  |TAMS 0x00000000c9400000, 0x00000000c9400000| Untracked 
| 149|0x00000000c9500000, 0x00000000c9500000, 0x00000000c9600000|  0%| F|  |TAMS 0x00000000c9500000, 0x00000000c9500000| Untracked 
| 150|0x00000000c9600000, 0x00000000c9600000, 0x00000000c9700000|  0%| F|  |TAMS 0x00000000c9600000, 0x00000000c9600000| Untracked 
| 151|0x00000000c9700000, 0x00000000c9700000, 0x00000000c9800000|  0%| F|  |TAMS 0x00000000c9700000, 0x00000000c9700000| Untracked 
| 152|0x00000000c9800000, 0x00000000c9800000, 0x00000000c9900000|  0%| F|  |TAMS 0x00000000c9800000, 0x00000000c9800000| Untracked 
| 153|0x00000000c9900000, 0x00000000c9900000, 0x00000000c9a00000|  0%| F|  |TAMS 0x00000000c9900000, 0x00000000c9900000| Untracked 
| 154|0x00000000c9a00000, 0x00000000c9a00000, 0x00000000c9b00000|  0%| F|  |TAMS 0x00000000c9a00000, 0x00000000c9a00000| Untracked 
| 155|0x00000000c9b00000, 0x00000000c9b00000, 0x00000000c9c00000|  0%| F|  |TAMS 0x00000000c9b00000, 0x00000000c9b00000| Untracked 
| 156|0x00000000c9c00000, 0x00000000c9c00000, 0x00000000c9d00000|  0%| F|  |TAMS 0x00000000c9c00000, 0x00000000c9c00000| Untracked 
| 157|0x00000000c9d00000, 0x00000000c9d00000, 0x00000000c9e00000|  0%| F|  |TAMS 0x00000000c9d00000, 0x00000000c9d00000| Untracked 
| 158|0x00000000c9e00000, 0x00000000c9e00000, 0x00000000c9f00000|  0%| F|  |TAMS 0x00000000c9e00000, 0x00000000c9e00000| Untracked 
| 159|0x00000000c9f00000, 0x00000000c9f00000, 0x00000000ca000000|  0%| F|  |TAMS 0x00000000c9f00000, 0x00000000c9f00000| Untracked 
| 160|0x00000000ca000000, 0x00000000ca000000, 0x00000000ca100000|  0%| F|  |TAMS 0x00000000ca000000, 0x00000000ca000000| Untracked 
| 161|0x00000000ca100000, 0x00000000ca100000, 0x00000000ca200000|  0%| F|  |TAMS 0x00000000ca100000, 0x00000000ca100000| Untracked 
| 162|0x00000000ca200000, 0x00000000ca200000, 0x00000000ca300000|  0%| F|  |TAMS 0x00000000ca200000, 0x00000000ca200000| Untracked 
| 163|0x00000000ca300000, 0x00000000ca300000, 0x00000000ca400000|  0%| F|  |TAMS 0x00000000ca300000, 0x00000000ca300000| Untracked 
| 164|0x00000000ca400000, 0x00000000ca400000, 0x00000000ca500000|  0%| F|  |TAMS 0x00000000ca400000, 0x00000000ca400000| Untracked 
| 165|0x00000000ca500000, 0x00000000ca500000, 0x00000000ca600000|  0%| F|  |TAMS 0x00000000ca500000, 0x00000000ca500000| Untracked 
| 166|0x00000000ca600000, 0x00000000ca600000, 0x00000000ca700000|  0%| F|  |TAMS 0x00000000ca600000, 0x00000000ca600000| Untracked 
| 167|0x00000000ca700000, 0x00000000ca700000, 0x00000000ca800000|  0%| F|  |TAMS 0x00000000ca700000, 0x00000000ca700000| Untracked 
| 168|0x00000000ca800000, 0x00000000ca800000, 0x00000000ca900000|  0%| F|  |TAMS 0x00000000ca800000, 0x00000000ca800000| Untracked 
| 169|0x00000000ca900000, 0x00000000ca900000, 0x00000000caa00000|  0%| F|  |TAMS 0x00000000ca900000, 0x00000000ca900000| Untracked 
| 170|0x00000000caa00000, 0x00000000caa00000, 0x00000000cab00000|  0%| F|  |TAMS 0x00000000caa00000, 0x00000000caa00000| Untracked 
| 171|0x00000000cab00000, 0x00000000cabbc4d0, 0x00000000cac00000| 73%| S|  |TAMS 0x00000000cab00000, 0x00000000cab00000| Complete 
| 172|0x00000000cac00000, 0x00000000cad00000, 0x00000000cad00000|100%| E|CS|TAMS 0x00000000cac00000, 0x00000000cac00000| Complete 
| 173|0x00000000cad00000, 0x00000000cae00000, 0x00000000cae00000|100%| E|CS|TAMS 0x00000000cad00000, 0x00000000cad00000| Complete 
| 174|0x00000000cae00000, 0x00000000caf00000, 0x00000000caf00000|100%| E|CS|TAMS 0x00000000cae00000, 0x00000000cae00000| Complete 
| 175|0x00000000caf00000, 0x00000000cb000000, 0x00000000cb000000|100%| E|CS|TAMS 0x00000000caf00000, 0x00000000caf00000| Complete 
| 176|0x00000000cb000000, 0x00000000cb04ee90, 0x00000000cb100000| 30%| E|CS|TAMS 0x00000000cb000000, 0x00000000cb000000| Complete 
| 177|0x00000000cb100000, 0x00000000cb200000, 0x00000000cb200000|100%| E|CS|TAMS 0x00000000cb100000, 0x00000000cb100000| Complete 
| 178|0x00000000cb200000, 0x00000000cb300000, 0x00000000cb300000|100%| E|CS|TAMS 0x00000000cb200000, 0x00000000cb200000| Complete 
| 179|0x00000000cb300000, 0x00000000cb400000, 0x00000000cb400000|100%| E|CS|TAMS 0x00000000cb300000, 0x00000000cb300000| Complete 
| 180|0x00000000cb400000, 0x00000000cb500000, 0x00000000cb500000|100%| E|CS|TAMS 0x00000000cb400000, 0x00000000cb400000| Complete 
| 181|0x00000000cb500000, 0x00000000cb600000, 0x00000000cb600000|100%| E|CS|TAMS 0x00000000cb500000, 0x00000000cb500000| Complete 
| 182|0x00000000cb600000, 0x00000000cb700000, 0x00000000cb700000|100%| E|CS|TAMS 0x00000000cb600000, 0x00000000cb600000| Complete 
| 183|0x00000000cb700000, 0x00000000cb800000, 0x00000000cb800000|100%| E|CS|TAMS 0x00000000cb700000, 0x00000000cb700000| Complete 
| 184|0x00000000cb800000, 0x00000000cb900000, 0x00000000cb900000|100%| E|CS|TAMS 0x00000000cb800000, 0x00000000cb800000| Complete 
| 185|0x00000000cb900000, 0x00000000cba00000, 0x00000000cba00000|100%| E|CS|TAMS 0x00000000cb900000, 0x00000000cb900000| Complete 
| 186|0x00000000cba00000, 0x00000000cbb00000, 0x00000000cbb00000|100%| E|CS|TAMS 0x00000000cba00000, 0x00000000cba00000| Complete 
| 187|0x00000000cbb00000, 0x00000000cbc00000, 0x00000000cbc00000|100%| E|CS|TAMS 0x00000000cbb00000, 0x00000000cbb00000| Complete 
| 188|0x00000000cbc00000, 0x00000000cbd00000, 0x00000000cbd00000|100%| E|CS|TAMS 0x00000000cbc00000, 0x00000000cbc00000| Complete 
| 189|0x00000000cbd00000, 0x00000000cbe00000, 0x00000000cbe00000|100%| E|CS|TAMS 0x00000000cbd00000, 0x00000000cbd00000| Complete 
| 190|0x00000000cbe00000, 0x00000000cbf00000, 0x00000000cbf00000|100%| E|CS|TAMS 0x00000000cbe00000, 0x00000000cbe00000| Complete 
| 191|0x00000000cbf00000, 0x00000000cc000000, 0x00000000cc000000|100%| E|CS|TAMS 0x00000000cbf00000, 0x00000000cbf00000| Complete 
| 192|0x00000000cc000000, 0x00000000cc100000, 0x00000000cc100000|100%| E|CS|TAMS 0x00000000cc000000, 0x00000000cc000000| Complete 
| 193|0x00000000cc100000, 0x00000000cc200000, 0x00000000cc200000|100%| E|CS|TAMS 0x00000000cc100000, 0x00000000cc100000| Complete 
| 194|0x00000000cc200000, 0x00000000cc300000, 0x00000000cc300000|100%| E|CS|TAMS 0x00000000cc200000, 0x00000000cc200000| Complete 
| 195|0x00000000cc300000, 0x00000000cc400000, 0x00000000cc400000|100%| E|CS|TAMS 0x00000000cc300000, 0x00000000cc300000| Complete 
| 196|0x00000000cc400000, 0x00000000cc500000, 0x00000000cc500000|100%| E|CS|TAMS 0x00000000cc400000, 0x00000000cc400000| Complete 
| 197|0x00000000cc500000, 0x00000000cc600000, 0x00000000cc600000|100%| E|CS|TAMS 0x00000000cc500000, 0x00000000cc500000| Complete 
| 198|0x00000000cc600000, 0x00000000cc700000, 0x00000000cc700000|100%| E|CS|TAMS 0x00000000cc600000, 0x00000000cc600000| Complete 
| 199|0x00000000cc700000, 0x00000000cc800000, 0x00000000cc800000|100%| E|CS|TAMS 0x00000000cc700000, 0x00000000cc700000| Complete 
| 200|0x00000000cc800000, 0x00000000cc900000, 0x00000000cc900000|100%| E|CS|TAMS 0x00000000cc800000, 0x00000000cc800000| Complete 
| 201|0x00000000cc900000, 0x00000000cca00000, 0x00000000cca00000|100%| E|CS|TAMS 0x00000000cc900000, 0x00000000cc900000| Complete 
| 202|0x00000000cca00000, 0x00000000ccb00000, 0x00000000ccb00000|100%| E|CS|TAMS 0x00000000cca00000, 0x00000000cca00000| Complete 
| 203|0x00000000ccb00000, 0x00000000ccc00000, 0x00000000ccc00000|100%| E|CS|TAMS 0x00000000ccb00000, 0x00000000ccb00000| Complete 
| 204|0x00000000ccc00000, 0x00000000ccd00000, 0x00000000ccd00000|100%| E|CS|TAMS 0x00000000ccc00000, 0x00000000ccc00000| Complete 
| 205|0x00000000ccd00000, 0x00000000cce00000, 0x00000000cce00000|100%| E|CS|TAMS 0x00000000ccd00000, 0x00000000ccd00000| Complete 
| 206|0x00000000cce00000, 0x00000000ccf00000, 0x00000000ccf00000|100%| E|CS|TAMS 0x00000000cce00000, 0x00000000cce00000| Complete 
| 207|0x00000000ccf00000, 0x00000000cd000000, 0x00000000cd000000|100%| E|CS|TAMS 0x00000000ccf00000, 0x00000000ccf00000| Complete 
| 208|0x00000000cd000000, 0x00000000cd100000, 0x00000000cd100000|100%| E|CS|TAMS 0x00000000cd000000, 0x00000000cd000000| Complete 
| 209|0x00000000cd100000, 0x00000000cd200000, 0x00000000cd200000|100%| E|CS|TAMS 0x00000000cd100000, 0x00000000cd100000| Complete 
| 210|0x00000000cd200000, 0x00000000cd300000, 0x00000000cd300000|100%| E|CS|TAMS 0x00000000cd200000, 0x00000000cd200000| Complete 
| 211|0x00000000cd300000, 0x00000000cd400000, 0x00000000cd400000|100%| E|CS|TAMS 0x00000000cd300000, 0x00000000cd300000| Complete 
| 212|0x00000000cd400000, 0x00000000cd500000, 0x00000000cd500000|100%| E|CS|TAMS 0x00000000cd400000, 0x00000000cd400000| Complete 
| 213|0x00000000cd500000, 0x00000000cd600000, 0x00000000cd600000|100%| E|CS|TAMS 0x00000000cd500000, 0x00000000cd500000| Complete 
| 214|0x00000000cd600000, 0x00000000cd700000, 0x00000000cd700000|100%| E|CS|TAMS 0x00000000cd600000, 0x00000000cd600000| Complete 
| 215|0x00000000cd700000, 0x00000000cd800000, 0x00000000cd800000|100%| E|CS|TAMS 0x00000000cd700000, 0x00000000cd700000| Complete 
| 216|0x00000000cd800000, 0x00000000cd900000, 0x00000000cd900000|100%| E|CS|TAMS 0x00000000cd800000, 0x00000000cd800000| Complete 
| 217|0x00000000cd900000, 0x00000000cda00000, 0x00000000cda00000|100%| E|CS|TAMS 0x00000000cd900000, 0x00000000cd900000| Complete 
| 218|0x00000000cda00000, 0x00000000cdb00000, 0x00000000cdb00000|100%| E|CS|TAMS 0x00000000cda00000, 0x00000000cda00000| Complete 
| 219|0x00000000cdb00000, 0x00000000cdc00000, 0x00000000cdc00000|100%| E|CS|TAMS 0x00000000cdb00000, 0x00000000cdb00000| Complete 
| 220|0x00000000cdc00000, 0x00000000cdd00000, 0x00000000cdd00000|100%| E|CS|TAMS 0x00000000cdc00000, 0x00000000cdc00000| Complete 
| 221|0x00000000cdd00000, 0x00000000cde00000, 0x00000000cde00000|100%| E|CS|TAMS 0x00000000cdd00000, 0x00000000cdd00000| Complete 
| 222|0x00000000cde00000, 0x00000000cdf00000, 0x00000000cdf00000|100%| E|CS|TAMS 0x00000000cde00000, 0x00000000cde00000| Complete 
| 223|0x00000000cdf00000, 0x00000000ce000000, 0x00000000ce000000|100%| E|CS|TAMS 0x00000000cdf00000, 0x00000000cdf00000| Complete 
| 224|0x00000000ce000000, 0x00000000ce100000, 0x00000000ce100000|100%| E|CS|TAMS 0x00000000ce000000, 0x00000000ce000000| Complete 
| 225|0x00000000ce100000, 0x00000000ce200000, 0x00000000ce200000|100%| E|CS|TAMS 0x00000000ce100000, 0x00000000ce100000| Complete 
| 226|0x00000000ce200000, 0x00000000ce300000, 0x00000000ce300000|100%| E|CS|TAMS 0x00000000ce200000, 0x00000000ce200000| Complete 
| 227|0x00000000ce300000, 0x00000000ce400000, 0x00000000ce400000|100%| E|CS|TAMS 0x00000000ce300000, 0x00000000ce300000| Complete 
| 228|0x00000000ce400000, 0x00000000ce500000, 0x00000000ce500000|100%| E|CS|TAMS 0x00000000ce400000, 0x00000000ce400000| Complete 
| 229|0x00000000ce500000, 0x00000000ce600000, 0x00000000ce600000|100%| E|CS|TAMS 0x00000000ce500000, 0x00000000ce500000| Complete 
| 230|0x00000000ce600000, 0x00000000ce700000, 0x00000000ce700000|100%| E|CS|TAMS 0x00000000ce600000, 0x00000000ce600000| Complete 
| 231|0x00000000ce700000, 0x00000000ce800000, 0x00000000ce800000|100%| E|CS|TAMS 0x00000000ce700000, 0x00000000ce700000| Complete 
| 232|0x00000000ce800000, 0x00000000ce900000, 0x00000000ce900000|100%| E|CS|TAMS 0x00000000ce800000, 0x00000000ce800000| Complete 
| 233|0x00000000ce900000, 0x00000000cea00000, 0x00000000cea00000|100%| E|CS|TAMS 0x00000000ce900000, 0x00000000ce900000| Complete 
| 234|0x00000000cea00000, 0x00000000ceb00000, 0x00000000ceb00000|100%| E|CS|TAMS 0x00000000cea00000, 0x00000000cea00000| Complete 
| 235|0x00000000ceb00000, 0x00000000cec00000, 0x00000000cec00000|100%| E|CS|TAMS 0x00000000ceb00000, 0x00000000ceb00000| Complete 
| 236|0x00000000cec00000, 0x00000000ced00000, 0x00000000ced00000|100%| E|CS|TAMS 0x00000000cec00000, 0x00000000cec00000| Complete 
| 237|0x00000000ced00000, 0x00000000cee00000, 0x00000000cee00000|100%| E|CS|TAMS 0x00000000ced00000, 0x00000000ced00000| Complete 
| 238|0x00000000cee00000, 0x00000000cef00000, 0x00000000cef00000|100%| E|CS|TAMS 0x00000000cee00000, 0x00000000cee00000| Complete 
| 239|0x00000000cef00000, 0x00000000cf000000, 0x00000000cf000000|100%| E|CS|TAMS 0x00000000cef00000, 0x00000000cef00000| Complete 
| 240|0x00000000cf000000, 0x00000000cf100000, 0x00000000cf100000|100%| E|CS|TAMS 0x00000000cf000000, 0x00000000cf000000| Complete 
| 241|0x00000000cf100000, 0x00000000cf200000, 0x00000000cf200000|100%| E|CS|TAMS 0x00000000cf100000, 0x00000000cf100000| Complete 
| 242|0x00000000cf200000, 0x00000000cf300000, 0x00000000cf300000|100%| E|CS|TAMS 0x00000000cf200000, 0x00000000cf200000| Complete 
| 243|0x00000000cf300000, 0x00000000cf400000, 0x00000000cf400000|100%| E|CS|TAMS 0x00000000cf300000, 0x00000000cf300000| Complete 
| 244|0x00000000cf400000, 0x00000000cf500000, 0x00000000cf500000|100%| E|CS|TAMS 0x00000000cf400000, 0x00000000cf400000| Complete 
| 245|0x00000000cf500000, 0x00000000cf600000, 0x00000000cf600000|100%| E|CS|TAMS 0x00000000cf500000, 0x00000000cf500000| Complete 
| 246|0x00000000cf600000, 0x00000000cf700000, 0x00000000cf700000|100%| E|CS|TAMS 0x00000000cf600000, 0x00000000cf600000| Complete 
| 247|0x00000000cf700000, 0x00000000cf800000, 0x00000000cf800000|100%| E|CS|TAMS 0x00000000cf700000, 0x00000000cf700000| Complete 
| 248|0x00000000cf800000, 0x00000000cf900000, 0x00000000cf900000|100%| E|CS|TAMS 0x00000000cf800000, 0x00000000cf800000| Complete 
| 249|0x00000000cf900000, 0x00000000cfa00000, 0x00000000cfa00000|100%| E|CS|TAMS 0x00000000cf900000, 0x00000000cf900000| Complete 
| 250|0x00000000cfa00000, 0x00000000cfb00000, 0x00000000cfb00000|100%| E|CS|TAMS 0x00000000cfa00000, 0x00000000cfa00000| Complete 
| 251|0x00000000cfb00000, 0x00000000cfc00000, 0x00000000cfc00000|100%| E|CS|TAMS 0x00000000cfb00000, 0x00000000cfb00000| Complete 
| 252|0x00000000cfc00000, 0x00000000cfd00000, 0x00000000cfd00000|100%| E|CS|TAMS 0x00000000cfc00000, 0x00000000cfc00000| Complete 
| 253|0x00000000cfd00000, 0x00000000cfe00000, 0x00000000cfe00000|100%| E|CS|TAMS 0x00000000cfd00000, 0x00000000cfd00000| Complete 
| 254|0x00000000cfe00000, 0x00000000cff00000, 0x00000000cff00000|100%| E|CS|TAMS 0x00000000cfe00000, 0x00000000cfe00000| Complete 
| 255|0x00000000cff00000, 0x00000000d0000000, 0x00000000d0000000|100%| E|CS|TAMS 0x00000000cff00000, 0x00000000cff00000| Complete 
| 256|0x00000000d0000000, 0x00000000d0100000, 0x00000000d0100000|100%| E|CS|TAMS 0x00000000d0000000, 0x00000000d0000000| Complete 
| 257|0x00000000d0100000, 0x00000000d0200000, 0x00000000d0200000|100%| E|CS|TAMS 0x00000000d0100000, 0x00000000d0100000| Complete 
| 258|0x00000000d0200000, 0x00000000d0300000, 0x00000000d0300000|100%| E|CS|TAMS 0x00000000d0200000, 0x00000000d0200000| Complete 
| 259|0x00000000d0300000, 0x00000000d0400000, 0x00000000d0400000|100%| E|CS|TAMS 0x00000000d0300000, 0x00000000d0300000| Complete 
| 260|0x00000000d0400000, 0x00000000d0500000, 0x00000000d0500000|100%| E|CS|TAMS 0x00000000d0400000, 0x00000000d0400000| Complete 
| 261|0x00000000d0500000, 0x00000000d0600000, 0x00000000d0600000|100%| E|CS|TAMS 0x00000000d0500000, 0x00000000d0500000| Complete 
| 262|0x00000000d0600000, 0x00000000d0700000, 0x00000000d0700000|100%| E|CS|TAMS 0x00000000d0600000, 0x00000000d0600000| Complete 
| 263|0x00000000d0700000, 0x00000000d0800000, 0x00000000d0800000|100%| E|CS|TAMS 0x00000000d0700000, 0x00000000d0700000| Complete 
| 264|0x00000000d0800000, 0x00000000d0900000, 0x00000000d0900000|100%| E|CS|TAMS 0x00000000d0800000, 0x00000000d0800000| Complete 
| 265|0x00000000d0900000, 0x00000000d0a00000, 0x00000000d0a00000|100%| E|CS|TAMS 0x00000000d0900000, 0x00000000d0900000| Complete 
| 266|0x00000000d0a00000, 0x00000000d0b00000, 0x00000000d0b00000|100%| E|CS|TAMS 0x00000000d0a00000, 0x00000000d0a00000| Complete 
| 267|0x00000000d0b00000, 0x00000000d0c00000, 0x00000000d0c00000|100%| E|CS|TAMS 0x00000000d0b00000, 0x00000000d0b00000| Complete 
| 268|0x00000000d0c00000, 0x00000000d0d00000, 0x00000000d0d00000|100%| E|CS|TAMS 0x00000000d0c00000, 0x00000000d0c00000| Complete 
| 269|0x00000000d0d00000, 0x00000000d0e00000, 0x00000000d0e00000|100%| E|CS|TAMS 0x00000000d0d00000, 0x00000000d0d00000| Complete 
| 270|0x00000000d0e00000, 0x00000000d0f00000, 0x00000000d0f00000|100%| E|CS|TAMS 0x00000000d0e00000, 0x00000000d0e00000| Complete 
| 271|0x00000000d0f00000, 0x00000000d1000000, 0x00000000d1000000|100%| E|CS|TAMS 0x00000000d0f00000, 0x00000000d0f00000| Complete 
| 272|0x00000000d1000000, 0x00000000d1100000, 0x00000000d1100000|100%| E|CS|TAMS 0x00000000d1000000, 0x00000000d1000000| Complete 
| 273|0x00000000d1100000, 0x00000000d1200000, 0x00000000d1200000|100%| E|CS|TAMS 0x00000000d1100000, 0x00000000d1100000| Complete 
| 274|0x00000000d1200000, 0x00000000d1300000, 0x00000000d1300000|100%| E|CS|TAMS 0x00000000d1200000, 0x00000000d1200000| Complete 
| 275|0x00000000d1300000, 0x00000000d1400000, 0x00000000d1400000|100%| E|CS|TAMS 0x00000000d1300000, 0x00000000d1300000| Complete 
| 276|0x00000000d1400000, 0x00000000d1500000, 0x00000000d1500000|100%| E|CS|TAMS 0x00000000d1400000, 0x00000000d1400000| Complete 
| 277|0x00000000d1500000, 0x00000000d1600000, 0x00000000d1600000|100%| E|CS|TAMS 0x00000000d1500000, 0x00000000d1500000| Complete 
| 278|0x00000000d1600000, 0x00000000d1700000, 0x00000000d1700000|100%| E|CS|TAMS 0x00000000d1600000, 0x00000000d1600000| Complete 
| 279|0x00000000d1700000, 0x00000000d1800000, 0x00000000d1800000|100%| E|CS|TAMS 0x00000000d1700000, 0x00000000d1700000| Complete 
| 280|0x00000000d1800000, 0x00000000d1900000, 0x00000000d1900000|100%| E|CS|TAMS 0x00000000d1800000, 0x00000000d1800000| Complete 
| 281|0x00000000d1900000, 0x00000000d1a00000, 0x00000000d1a00000|100%| E|CS|TAMS 0x00000000d1900000, 0x00000000d1900000| Complete 
| 282|0x00000000d1a00000, 0x00000000d1b00000, 0x00000000d1b00000|100%| E|CS|TAMS 0x00000000d1a00000, 0x00000000d1a00000| Complete 
| 283|0x00000000d1b00000, 0x00000000d1c00000, 0x00000000d1c00000|100%| E|CS|TAMS 0x00000000d1b00000, 0x00000000d1b00000| Complete 
| 284|0x00000000d1c00000, 0x00000000d1d00000, 0x00000000d1d00000|100%| E|CS|TAMS 0x00000000d1c00000, 0x00000000d1c00000| Complete 
| 285|0x00000000d1d00000, 0x00000000d1e00000, 0x00000000d1e00000|100%| E|CS|TAMS 0x00000000d1d00000, 0x00000000d1d00000| Complete 
| 286|0x00000000d1e00000, 0x00000000d1f00000, 0x00000000d1f00000|100%| E|CS|TAMS 0x00000000d1e00000, 0x00000000d1e00000| Complete 
| 287|0x00000000d1f00000, 0x00000000d2000000, 0x00000000d2000000|100%| E|CS|TAMS 0x00000000d1f00000, 0x00000000d1f00000| Complete 
| 288|0x00000000d2000000, 0x00000000d2100000, 0x00000000d2100000|100%| E|CS|TAMS 0x00000000d2000000, 0x00000000d2000000| Complete 
| 289|0x00000000d2100000, 0x00000000d2200000, 0x00000000d2200000|100%| E|CS|TAMS 0x00000000d2100000, 0x00000000d2100000| Complete 
| 290|0x00000000d2200000, 0x00000000d2300000, 0x00000000d2300000|100%| E|CS|TAMS 0x00000000d2200000, 0x00000000d2200000| Complete 
| 291|0x00000000d2300000, 0x00000000d2400000, 0x00000000d2400000|100%| E|CS|TAMS 0x00000000d2300000, 0x00000000d2300000| Complete 
| 292|0x00000000d2400000, 0x00000000d2500000, 0x00000000d2500000|100%| E|CS|TAMS 0x00000000d2400000, 0x00000000d2400000| Complete 
| 293|0x00000000d2500000, 0x00000000d2600000, 0x00000000d2600000|100%| E|CS|TAMS 0x00000000d2500000, 0x00000000d2500000| Complete 
| 294|0x00000000d2600000, 0x00000000d2700000, 0x00000000d2700000|100%| E|CS|TAMS 0x00000000d2600000, 0x00000000d2600000| Complete 
| 295|0x00000000d2700000, 0x00000000d2800000, 0x00000000d2800000|100%| E|CS|TAMS 0x00000000d2700000, 0x00000000d2700000| Complete 
| 296|0x00000000d2800000, 0x00000000d2900000, 0x00000000d2900000|100%| E|CS|TAMS 0x00000000d2800000, 0x00000000d2800000| Complete 
| 297|0x00000000d2900000, 0x00000000d2a00000, 0x00000000d2a00000|100%| E|CS|TAMS 0x00000000d2900000, 0x00000000d2900000| Complete 
| 298|0x00000000d2a00000, 0x00000000d2b00000, 0x00000000d2b00000|100%| E|CS|TAMS 0x00000000d2a00000, 0x00000000d2a00000| Complete 
| 299|0x00000000d2b00000, 0x00000000d2c00000, 0x00000000d2c00000|100%| E|CS|TAMS 0x00000000d2b00000, 0x00000000d2b00000| Complete 
| 300|0x00000000d2c00000, 0x00000000d2d00000, 0x00000000d2d00000|100%| E|CS|TAMS 0x00000000d2c00000, 0x00000000d2c00000| Complete 
| 301|0x00000000d2d00000, 0x00000000d2e00000, 0x00000000d2e00000|100%| E|CS|TAMS 0x00000000d2d00000, 0x00000000d2d00000| Complete 
| 302|0x00000000d2e00000, 0x00000000d2f00000, 0x00000000d2f00000|100%| E|CS|TAMS 0x00000000d2e00000, 0x00000000d2e00000| Complete 
| 303|0x00000000d2f00000, 0x00000000d3000000, 0x00000000d3000000|100%| E|CS|TAMS 0x00000000d2f00000, 0x00000000d2f00000| Complete 
| 304|0x00000000d3000000, 0x00000000d3100000, 0x00000000d3100000|100%| E|CS|TAMS 0x00000000d3000000, 0x00000000d3000000| Complete 
| 305|0x00000000d3100000, 0x00000000d3200000, 0x00000000d3200000|100%| E|CS|TAMS 0x00000000d3100000, 0x00000000d3100000| Complete 
| 306|0x00000000d3200000, 0x00000000d3300000, 0x00000000d3300000|100%| E|CS|TAMS 0x00000000d3200000, 0x00000000d3200000| Complete 
| 307|0x00000000d3300000, 0x00000000d3400000, 0x00000000d3400000|100%| E|CS|TAMS 0x00000000d3300000, 0x00000000d3300000| Complete 
| 308|0x00000000d3400000, 0x00000000d3500000, 0x00000000d3500000|100%| E|CS|TAMS 0x00000000d3400000, 0x00000000d3400000| Complete 
| 309|0x00000000d3500000, 0x00000000d3600000, 0x00000000d3600000|100%| E|CS|TAMS 0x00000000d3500000, 0x00000000d3500000| Complete 
| 310|0x00000000d3600000, 0x00000000d3700000, 0x00000000d3700000|100%| E|CS|TAMS 0x00000000d3600000, 0x00000000d3600000| Complete 
| 311|0x00000000d3700000, 0x00000000d3800000, 0x00000000d3800000|100%| E|CS|TAMS 0x00000000d3700000, 0x00000000d3700000| Complete 
| 312|0x00000000d3800000, 0x00000000d3900000, 0x00000000d3900000|100%| E|CS|TAMS 0x00000000d3800000, 0x00000000d3800000| Complete 
| 313|0x00000000d3900000, 0x00000000d3a00000, 0x00000000d3a00000|100%| E|CS|TAMS 0x00000000d3900000, 0x00000000d3900000| Complete 
| 314|0x00000000d3a00000, 0x00000000d3b00000, 0x00000000d3b00000|100%| E|CS|TAMS 0x00000000d3a00000, 0x00000000d3a00000| Complete 
| 315|0x00000000d3b00000, 0x00000000d3c00000, 0x00000000d3c00000|100%| E|CS|TAMS 0x00000000d3b00000, 0x00000000d3b00000| Complete 
| 316|0x00000000d3c00000, 0x00000000d3d00000, 0x00000000d3d00000|100%| E|CS|TAMS 0x00000000d3c00000, 0x00000000d3c00000| Complete 
| 317|0x00000000d3d00000, 0x00000000d3e00000, 0x00000000d3e00000|100%| E|CS|TAMS 0x00000000d3d00000, 0x00000000d3d00000| Complete 
| 318|0x00000000d3e00000, 0x00000000d3f00000, 0x00000000d3f00000|100%| E|CS|TAMS 0x00000000d3e00000, 0x00000000d3e00000| Complete 
| 319|0x00000000d3f00000, 0x00000000d4000000, 0x00000000d4000000|100%| E|CS|TAMS 0x00000000d3f00000, 0x00000000d3f00000| Complete 
| 320|0x00000000d4000000, 0x00000000d4100000, 0x00000000d4100000|100%| E|CS|TAMS 0x00000000d4000000, 0x00000000d4000000| Complete 
| 321|0x00000000d4100000, 0x00000000d4200000, 0x00000000d4200000|100%| E|CS|TAMS 0x00000000d4100000, 0x00000000d4100000| Complete 
| 322|0x00000000d4200000, 0x00000000d4300000, 0x00000000d4300000|100%| E|CS|TAMS 0x00000000d4200000, 0x00000000d4200000| Complete 
| 323|0x00000000d4300000, 0x00000000d4400000, 0x00000000d4400000|100%| E|CS|TAMS 0x00000000d4300000, 0x00000000d4300000| Complete 
| 324|0x00000000d4400000, 0x00000000d4500000, 0x00000000d4500000|100%| E|CS|TAMS 0x00000000d4400000, 0x00000000d4400000| Complete 
| 325|0x00000000d4500000, 0x00000000d4600000, 0x00000000d4600000|100%| E|CS|TAMS 0x00000000d4500000, 0x00000000d4500000| Complete 
| 326|0x00000000d4600000, 0x00000000d4700000, 0x00000000d4700000|100%| E|CS|TAMS 0x00000000d4600000, 0x00000000d4600000| Complete 
| 327|0x00000000d4700000, 0x00000000d4800000, 0x00000000d4800000|100%| E|CS|TAMS 0x00000000d4700000, 0x00000000d4700000| Complete 
| 328|0x00000000d4800000, 0x00000000d4900000, 0x00000000d4900000|100%| E|CS|TAMS 0x00000000d4800000, 0x00000000d4800000| Complete 
| 329|0x00000000d4900000, 0x00000000d4a00000, 0x00000000d4a00000|100%| E|CS|TAMS 0x00000000d4900000, 0x00000000d4900000| Complete 
| 330|0x00000000d4a00000, 0x00000000d4b00000, 0x00000000d4b00000|100%| E|CS|TAMS 0x00000000d4a00000, 0x00000000d4a00000| Complete 
| 331|0x00000000d4b00000, 0x00000000d4c00000, 0x00000000d4c00000|100%| E|CS|TAMS 0x00000000d4b00000, 0x00000000d4b00000| Complete 
| 332|0x00000000d4c00000, 0x00000000d4d00000, 0x00000000d4d00000|100%| E|CS|TAMS 0x00000000d4c00000, 0x00000000d4c00000| Complete 
| 333|0x00000000d4d00000, 0x00000000d4e00000, 0x00000000d4e00000|100%| E|CS|TAMS 0x00000000d4d00000, 0x00000000d4d00000| Complete 
| 334|0x00000000d4e00000, 0x00000000d4f00000, 0x00000000d4f00000|100%| E|CS|TAMS 0x00000000d4e00000, 0x00000000d4e00000| Complete 
| 335|0x00000000d4f00000, 0x00000000d5000000, 0x00000000d5000000|100%| E|CS|TAMS 0x00000000d4f00000, 0x00000000d4f00000| Complete 
| 336|0x00000000d5000000, 0x00000000d5100000, 0x00000000d5100000|100%| E|CS|TAMS 0x00000000d5000000, 0x00000000d5000000| Complete 
| 337|0x00000000d5100000, 0x00000000d5200000, 0x00000000d5200000|100%| E|CS|TAMS 0x00000000d5100000, 0x00000000d5100000| Complete 
| 338|0x00000000d5200000, 0x00000000d5300000, 0x00000000d5300000|100%| E|CS|TAMS 0x00000000d5200000, 0x00000000d5200000| Complete 
| 339|0x00000000d5300000, 0x00000000d5400000, 0x00000000d5400000|100%| E|CS|TAMS 0x00000000d5300000, 0x00000000d5300000| Complete 
| 340|0x00000000d5400000, 0x00000000d5500000, 0x00000000d5500000|100%| E|CS|TAMS 0x00000000d5400000, 0x00000000d5400000| Complete 
| 341|0x00000000d5500000, 0x00000000d5600000, 0x00000000d5600000|100%| E|CS|TAMS 0x00000000d5500000, 0x00000000d5500000| Complete 
| 342|0x00000000d5600000, 0x00000000d5700000, 0x00000000d5700000|100%| E|CS|TAMS 0x00000000d5600000, 0x00000000d5600000| Complete 
| 343|0x00000000d5700000, 0x00000000d5800000, 0x00000000d5800000|100%| E|CS|TAMS 0x00000000d5700000, 0x00000000d5700000| Complete 
| 344|0x00000000d5800000, 0x00000000d5900000, 0x00000000d5900000|100%| E|CS|TAMS 0x00000000d5800000, 0x00000000d5800000| Complete 
| 345|0x00000000d5900000, 0x00000000d5a00000, 0x00000000d5a00000|100%| E|CS|TAMS 0x00000000d5900000, 0x00000000d5900000| Complete 
| 346|0x00000000d5a00000, 0x00000000d5b00000, 0x00000000d5b00000|100%| E|CS|TAMS 0x00000000d5a00000, 0x00000000d5a00000| Complete 
| 347|0x00000000d5b00000, 0x00000000d5c00000, 0x00000000d5c00000|100%| E|CS|TAMS 0x00000000d5b00000, 0x00000000d5b00000| Complete 
| 348|0x00000000d5c00000, 0x00000000d5d00000, 0x00000000d5d00000|100%| E|CS|TAMS 0x00000000d5c00000, 0x00000000d5c00000| Complete 
| 349|0x00000000d5d00000, 0x00000000d5e00000, 0x00000000d5e00000|100%| E|CS|TAMS 0x00000000d5d00000, 0x00000000d5d00000| Complete 
| 350|0x00000000d5e00000, 0x00000000d5f00000, 0x00000000d5f00000|100%| E|CS|TAMS 0x00000000d5e00000, 0x00000000d5e00000| Complete 
| 351|0x00000000d5f00000, 0x00000000d6000000, 0x00000000d6000000|100%| E|CS|TAMS 0x00000000d5f00000, 0x00000000d5f00000| Complete 
| 352|0x00000000d6000000, 0x00000000d6100000, 0x00000000d6100000|100%| E|CS|TAMS 0x00000000d6000000, 0x00000000d6000000| Complete 
| 353|0x00000000d6100000, 0x00000000d6200000, 0x00000000d6200000|100%| E|CS|TAMS 0x00000000d6100000, 0x00000000d6100000| Complete 
| 354|0x00000000d6200000, 0x00000000d6300000, 0x00000000d6300000|100%| E|CS|TAMS 0x00000000d6200000, 0x00000000d6200000| Complete 
| 355|0x00000000d6300000, 0x00000000d6400000, 0x00000000d6400000|100%| E|CS|TAMS 0x00000000d6300000, 0x00000000d6300000| Complete 
| 356|0x00000000d6400000, 0x00000000d6500000, 0x00000000d6500000|100%| E|CS|TAMS 0x00000000d6400000, 0x00000000d6400000| Complete 
| 357|0x00000000d6500000, 0x00000000d6600000, 0x00000000d6600000|100%| E|CS|TAMS 0x00000000d6500000, 0x00000000d6500000| Complete 
| 358|0x00000000d6600000, 0x00000000d6700000, 0x00000000d6700000|100%| E|CS|TAMS 0x00000000d6600000, 0x00000000d6600000| Complete 
| 359|0x00000000d6700000, 0x00000000d6800000, 0x00000000d6800000|100%| E|CS|TAMS 0x00000000d6700000, 0x00000000d6700000| Complete 
| 360|0x00000000d6800000, 0x00000000d6900000, 0x00000000d6900000|100%| E|CS|TAMS 0x00000000d6800000, 0x00000000d6800000| Complete 
| 361|0x00000000d6900000, 0x00000000d6a00000, 0x00000000d6a00000|100%| E|CS|TAMS 0x00000000d6900000, 0x00000000d6900000| Complete 
| 362|0x00000000d6a00000, 0x00000000d6b00000, 0x00000000d6b00000|100%| E|CS|TAMS 0x00000000d6a00000, 0x00000000d6a00000| Complete 
| 363|0x00000000d6b00000, 0x00000000d6c00000, 0x00000000d6c00000|100%| E|CS|TAMS 0x00000000d6b00000, 0x00000000d6b00000| Complete 
| 364|0x00000000d6c00000, 0x00000000d6d00000, 0x00000000d6d00000|100%| E|CS|TAMS 0x00000000d6c00000, 0x00000000d6c00000| Complete 
| 365|0x00000000d6d00000, 0x00000000d6e00000, 0x00000000d6e00000|100%| E|CS|TAMS 0x00000000d6d00000, 0x00000000d6d00000| Complete 
| 366|0x00000000d6e00000, 0x00000000d6f00000, 0x00000000d6f00000|100%| E|CS|TAMS 0x00000000d6e00000, 0x00000000d6e00000| Complete 
| 367|0x00000000d6f00000, 0x00000000d7000000, 0x00000000d7000000|100%| E|CS|TAMS 0x00000000d6f00000, 0x00000000d6f00000| Complete 
| 368|0x00000000d7000000, 0x00000000d7100000, 0x00000000d7100000|100%| E|CS|TAMS 0x00000000d7000000, 0x00000000d7000000| Complete 
| 369|0x00000000d7100000, 0x00000000d7200000, 0x00000000d7200000|100%| E|CS|TAMS 0x00000000d7100000, 0x00000000d7100000| Complete 
| 370|0x00000000d7200000, 0x00000000d7300000, 0x00000000d7300000|100%| E|CS|TAMS 0x00000000d7200000, 0x00000000d7200000| Complete 
| 371|0x00000000d7300000, 0x00000000d7400000, 0x00000000d7400000|100%| E|CS|TAMS 0x00000000d7300000, 0x00000000d7300000| Complete 
| 372|0x00000000d7400000, 0x00000000d7500000, 0x00000000d7500000|100%| E|CS|TAMS 0x00000000d7400000, 0x00000000d7400000| Complete 
| 373|0x00000000d7500000, 0x00000000d7600000, 0x00000000d7600000|100%| E|CS|TAMS 0x00000000d7500000, 0x00000000d7500000| Complete 
| 374|0x00000000d7600000, 0x00000000d7700000, 0x00000000d7700000|100%| E|CS|TAMS 0x00000000d7600000, 0x00000000d7600000| Complete 
| 375|0x00000000d7700000, 0x00000000d7800000, 0x00000000d7800000|100%| E|CS|TAMS 0x00000000d7700000, 0x00000000d7700000| Complete 
| 376|0x00000000d7800000, 0x00000000d7900000, 0x00000000d7900000|100%| E|CS|TAMS 0x00000000d7800000, 0x00000000d7800000| Complete 
| 377|0x00000000d7900000, 0x00000000d7a00000, 0x00000000d7a00000|100%| E|CS|TAMS 0x00000000d7900000, 0x00000000d7900000| Complete 
| 378|0x00000000d7a00000, 0x00000000d7b00000, 0x00000000d7b00000|100%| E|CS|TAMS 0x00000000d7a00000, 0x00000000d7a00000| Complete 
| 379|0x00000000d7b00000, 0x00000000d7c00000, 0x00000000d7c00000|100%| E|CS|TAMS 0x00000000d7b00000, 0x00000000d7b00000| Complete 
| 380|0x00000000d7c00000, 0x00000000d7d00000, 0x00000000d7d00000|100%| E|CS|TAMS 0x00000000d7c00000, 0x00000000d7c00000| Complete 
| 381|0x00000000d7d00000, 0x00000000d7e00000, 0x00000000d7e00000|100%| E|CS|TAMS 0x00000000d7d00000, 0x00000000d7d00000| Complete 
| 382|0x00000000d7e00000, 0x00000000d7f00000, 0x00000000d7f00000|100%| E|CS|TAMS 0x00000000d7e00000, 0x00000000d7e00000| Complete 
| 383|0x00000000d7f00000, 0x00000000d8000000, 0x00000000d8000000|100%| E|CS|TAMS 0x00000000d7f00000, 0x00000000d7f00000| Complete 
| 384|0x00000000d8000000, 0x00000000d8100000, 0x00000000d8100000|100%| E|CS|TAMS 0x00000000d8000000, 0x00000000d8000000| Complete 
| 385|0x00000000d8100000, 0x00000000d8200000, 0x00000000d8200000|100%| E|CS|TAMS 0x00000000d8100000, 0x00000000d8100000| Complete 
| 386|0x00000000d8200000, 0x00000000d8300000, 0x00000000d8300000|100%| E|CS|TAMS 0x00000000d8200000, 0x00000000d8200000| Complete 
| 387|0x00000000d8300000, 0x00000000d8400000, 0x00000000d8400000|100%| E|CS|TAMS 0x00000000d8300000, 0x00000000d8300000| Complete 
| 388|0x00000000d8400000, 0x00000000d8500000, 0x00000000d8500000|100%| E|CS|TAMS 0x00000000d8400000, 0x00000000d8400000| Complete 
| 389|0x00000000d8500000, 0x00000000d8600000, 0x00000000d8600000|100%| E|CS|TAMS 0x00000000d8500000, 0x00000000d8500000| Complete 
| 390|0x00000000d8600000, 0x00000000d8700000, 0x00000000d8700000|100%| E|CS|TAMS 0x00000000d8600000, 0x00000000d8600000| Complete 
| 391|0x00000000d8700000, 0x00000000d8800000, 0x00000000d8800000|100%| E|CS|TAMS 0x00000000d8700000, 0x00000000d8700000| Complete 
| 392|0x00000000d8800000, 0x00000000d8900000, 0x00000000d8900000|100%| E|CS|TAMS 0x00000000d8800000, 0x00000000d8800000| Complete 
| 393|0x00000000d8900000, 0x00000000d8a00000, 0x00000000d8a00000|100%| E|CS|TAMS 0x00000000d8900000, 0x00000000d8900000| Complete 
| 394|0x00000000d8a00000, 0x00000000d8b00000, 0x00000000d8b00000|100%| E|CS|TAMS 0x00000000d8a00000, 0x00000000d8a00000| Complete 
| 395|0x00000000d8b00000, 0x00000000d8c00000, 0x00000000d8c00000|100%| E|CS|TAMS 0x00000000d8b00000, 0x00000000d8b00000| Complete 
| 396|0x00000000d8c00000, 0x00000000d8d00000, 0x00000000d8d00000|100%| E|CS|TAMS 0x00000000d8c00000, 0x00000000d8c00000| Complete 
| 397|0x00000000d8d00000, 0x00000000d8e00000, 0x00000000d8e00000|100%| E|CS|TAMS 0x00000000d8d00000, 0x00000000d8d00000| Complete 
| 398|0x00000000d8e00000, 0x00000000d8f00000, 0x00000000d8f00000|100%| E|CS|TAMS 0x00000000d8e00000, 0x00000000d8e00000| Complete 

Card table byte_map: [0x000001e3dc1f0000,0x000001e3dc3f0000] _byte_map_base: 0x000001e3dbbf0000

Marking Bits (Prev, Next): (CMBitMap*) 0x000001e3c4398348, (CMBitMap*) 0x000001e3c4398388
 Prev Bits: [0x000001e3dc5f0000, 0x000001e3dd5f0000)
 Next Bits: [0x000001e3dd5f0000, 0x000001e3de5f0000)

Polling page: 0x000001e3c22c0000

Metaspace:

Usage:
  Non-class:     72.37 MB capacity,    70.06 MB ( 97%) used,     2.15 MB (  3%) free+waste,   169.81 KB ( <1%) overhead. 
      Class:      8.14 MB capacity,     6.89 MB ( 85%) used,     1.18 MB ( 14%) free+waste,    70.38 KB ( <1%) overhead. 
       Both:     80.51 MB capacity,    76.95 MB ( 96%) used,     3.32 MB (  4%) free+waste,   240.19 KB ( <1%) overhead. 

Virtual space:
  Non-class space:       74.00 MB reserved,      72.67 MB ( 98%) committed 
      Class space:        1.00 GB reserved,       8.25 MB ( <1%) committed 
             Both:        1.07 GB reserved,      80.92 MB (  7%) committed 

Chunk freelists:
   Non-Class:  30.88 KB
       Class:  14.13 KB
        Both:  45.00 KB

CodeHeap 'non-profiled nmethods': size=119168Kb used=24249Kb max_used=24539Kb free=94919Kb
 bounds [0x000001e3d4310000, 0x000001e3d5b20000, 0x000001e3db770000]
CodeHeap 'profiled nmethods': size=119168Kb used=44507Kb max_used=45809Kb free=74660Kb
 bounds [0x000001e3cceb0000, 0x000001e3cfc10000, 0x000001e3d4310000]
CodeHeap 'non-nmethods': size=7424Kb used=1363Kb max_used=3088Kb free=6061Kb
 bounds [0x000001e3cc770000, 0x000001e3ccad0000, 0x000001e3cceb0000]
 total_blobs=38191 nmethods=18633 adapters=667
 compilation: enabled
              stopped_count=0, restarted_count=0
 full_count=0

Compilation events (10 events):
Event: 3034.279 Thread 0x000001e3e159e000 26092       3       org.eclipse.lsp4j.jsonrpc.messages.CancelParams::<init> (5 bytes)
Event: 3034.279 Thread 0x000001e3e159e000 nmethod 26092 0x000001e3cd659290 code [0x000001e3cd659440, 0x000001e3cd659618]
Event: 3037.984 Thread 0x000001e3e159c000 26093       4       org.eclipse.jdt.internal.compiler.lookup.TypeVariableBinding::<init> (66 bytes)
Event: 3037.992 Thread 0x000001e3e159c000 nmethod 26093 0x000001e3d5616f10 code [0x000001e3d56170c0, 0x000001e3d56174e8]
Event: 3037.996 Thread 0x000001e3e159c000 26094       4       org.eclipse.jdt.internal.compiler.lookup.ParameterizedTypeBinding::capture (8 bytes)
Event: 3037.998 Thread 0x000001e3e159c000 nmethod 26094 0x000001e3d554cd90 code [0x000001e3d554cf40, 0x000001e3d554d018]
Event: 3039.055 Thread 0x000001e3e159e000 26095   !   3       org.eclipse.core.internal.filebuffers.SynchronizableDocument::getLineOffset (30 bytes)
Event: 3039.056 Thread 0x000001e3e159e000 nmethod 26095 0x000001e3cdfaae90 code [0x000001e3cdfab0c0, 0x000001e3cdfabba0]
Event: 3039.448 Thread 0x000001e3e159e000 26096       3       org.eclipse.jdt.internal.compiler.parser.ScannerHelper::digit (147 bytes)
Event: 3039.448 Thread 0x000001e3e159e000 nmethod 26096 0x000001e3cdae9190 code [0x000001e3cdae93a0, 0x000001e3cdae9a60]

GC Heap History (10 events):
Event: 2793.401 GC heap after
{Heap after GC invocations=242 (full 0):
 garbage-first heap   total 408576K, used 130175K [0x00000000c0000000, 0x0000000100000000)
  region size 1024K, 6 young (6144K), 6 survivors (6144K)
 Metaspace       used 78716K, capacity 82306K, committed 82864K, reserved 1124352K
  class space    used 7059K, capacity 8334K, committed 8448K, reserved 1048576K
}
Event: 2794.535 GC heap before
{Heap before GC invocations=242 (full 0):
 garbage-first heap   total 408576K, used 143487K [0x00000000c0000000, 0x0000000100000000)
  region size 1024K, 19 young (19456K), 6 survivors (6144K)
 Metaspace       used 78716K, capacity 82306K, committed 82864K, reserved 1124352K
  class space    used 7059K, capacity 8334K, committed 8448K, reserved 1048576K
}
Event: 2794.544 GC heap after
{Heap after GC invocations=243 (full 0):
 garbage-first heap   total 408576K, used 123006K [0x00000000c0000000, 0x0000000100000000)
  region size 1024K, 1 young (1024K), 1 survivors (1024K)
 Metaspace       used 78716K, capacity 82306K, committed 82864K, reserved 1124352K
  class space    used 7059K, capacity 8334K, committed 8448K, reserved 1048576K
}
Event: 2942.831 GC heap before
{Heap before GC invocations=243 (full 0):
 garbage-first heap   total 408576K, used 350334K [0x00000000c0000000, 0x0000000100000000)
  region size 1024K, 224 young (229376K), 1 survivors (1024K)
 Metaspace       used 78745K, capacity 82312K, committed 82864K, reserved 1124352K
  class space    used 7059K, capacity 8335K, committed 8448K, reserved 1048576K
}
Event: 2942.836 GC heap after
{Heap after GC invocations=244 (full 0):
 garbage-first heap   total 408576K, used 123952K [0x00000000c0000000, 0x0000000100000000)
  region size 1024K, 2 young (2048K), 2 survivors (2048K)
 Metaspace       used 78745K, capacity 82312K, committed 82864K, reserved 1124352K
  class space    used 7059K, capacity 8335K, committed 8448K, reserved 1048576K
}
Event: 2984.932 GC heap before
{Heap before GC invocations=244 (full 0):
 garbage-first heap   total 408576K, used 352304K [0x00000000c0000000, 0x0000000100000000)
  region size 1024K, 226 young (231424K), 2 survivors (2048K)
 Metaspace       used 78757K, capacity 82312K, committed 82864K, reserved 1124352K
  class space    used 7059K, capacity 8335K, committed 8448K, reserved 1048576K
}
Event: 2984.939 GC heap after
{Heap after GC invocations=245 (full 0):
 garbage-first heap   total 408576K, used 126548K [0x00000000c0000000, 0x0000000100000000)
  region size 1024K, 5 young (5120K), 5 survivors (5120K)
 Metaspace       used 78757K, capacity 82312K, committed 82864K, reserved 1124352K
  class space    used 7059K, capacity 8335K, committed 8448K, reserved 1048576K
}
Event: 3006.463 GC heap before
{Heap before GC invocations=245 (full 0):
 garbage-first heap   total 408576K, used 351828K [0x00000000c0000000, 0x0000000100000000)
  region size 1024K, 226 young (231424K), 5 survivors (5120K)
 Metaspace       used 78762K, capacity 82312K, committed 82864K, reserved 1124352K
  class space    used 7059K, capacity 8335K, committed 8448K, reserved 1048576K
}
Event: 3006.469 GC heap after
{Heap after GC invocations=246 (full 0):
 garbage-first heap   total 408576K, used 123444K [0x00000000c0000000, 0x0000000100000000)
  region size 1024K, 2 young (2048K), 2 survivors (2048K)
 Metaspace       used 78762K, capacity 82312K, committed 82864K, reserved 1124352K
  class space    used 7059K, capacity 8335K, committed 8448K, reserved 1048576K
}
Event: 3041.138 GC heap before
{Heap before GC invocations=247 (full 0):
 garbage-first heap   total 408576K, used 352820K [0x00000000c0000000, 0x0000000100000000)
  region size 1024K, 227 young (232448K), 2 survivors (2048K)
 Metaspace       used 78798K, capacity 82440K, committed 82864K, reserved 1124352K
  class space    used 7059K, capacity 8335K, committed 8448K, reserved 1048576K
}

Deoptimization events (10 events):
Event: 2981.298 Thread 0x000001e3f3755800 Uncommon trap: reason=unstable_if action=reinterpret pc=0x000001e3d53a86d0 method=org.eclipse.jdt.internal.corext.util.JavaModelUtil.isSameMethodSignature(Ljava/lang/String;[Ljava/lang/String;ZLorg/eclipse/jdt/core/IMethod;)Z @ 40 c2
Event: 2981.299 Thread 0x000001e3f3755800 Uncommon trap: reason=class_check action=maybe_recompile pc=0x000001e3d560c87c method=org.eclipse.jdt.internal.compiler.lookup.ClassScope.checkForInheritedMemberTypes(Lorg/eclipse/jdt/internal/compiler/lookup/SourceTypeBinding;)V @ 203 c2
Event: 2981.698 Thread 0x000001e3f4bb5000 Uncommon trap: reason=class_check action=maybe_recompile pc=0x000001e3d560c87c method=org.eclipse.jdt.internal.compiler.lookup.ClassScope.checkForInheritedMemberTypes(Lorg/eclipse/jdt/internal/compiler/lookup/SourceTypeBinding;)V @ 203 c2
Event: 3004.421 Thread 0x000001e3f4bb9000 Uncommon trap: reason=unstable_if action=reinterpret pc=0x000001e3d580ceec method=org.eclipse.osgi.internal.log.EquinoxLogWriter.checkLogFileSize()Z @ 37 c2
Event: 3038.759 Thread 0x000001e3f375c000 Uncommon trap: reason=unstable_if action=reinterpret pc=0x000001e3d5998e34 method=org.eclipse.jdt.internal.compiler.parser.ScannerHelper.digit(CI)I @ 4 c2
Event: 3038.759 Thread 0x000001e3f375c000 Uncommon trap: reason=class_check action=maybe_recompile pc=0x000001e3d43ae7f0 method=java.lang.Character.digit(II)I @ 6 c2
Event: 3038.759 Thread 0x000001e3f375c000 Uncommon trap: reason=unstable_if action=reinterpret pc=0x000001e3d52bd10c method=org.eclipse.jdt.internal.compiler.parser.ScannerHelper.digit(CI)I @ 4 c2
Event: 3038.759 Thread 0x000001e3f375c000 Uncommon trap: reason=class_check action=maybe_recompile pc=0x000001e3d43ae7f0 method=java.lang.Character.digit(II)I @ 6 c2
Event: 3038.759 Thread 0x000001e3f375c000 Uncommon trap: reason=class_check action=maybe_recompile pc=0x000001e3d43ae7f0 method=java.lang.Character.digit(II)I @ 6 c2
Event: 3038.759 Thread 0x000001e3f375c000 Uncommon trap: reason=class_check action=maybe_recompile pc=0x000001e3d43ae7f0 method=java.lang.Character.digit(II)I @ 6 c2

Classes redefined (0 events):
No events

Internal exceptions (10 events):
Event: 3033.155 Thread 0x000001e3f3761800 Implicit null exception at 0x000001e3ce4c6316 to 0x000001e3ce4c68d9
Event: 3033.155 Thread 0x000001e3f3761800 Exception <a 'java/lang/NullPointerException'{0x00000000cec9b058}> (0x00000000cec9b058) thrown at [t:/workspace/open/src/hotspot/share/runtime/sharedRuntime.cpp, line 585]
Event: 3033.160 Thread 0x000001e3f3761800 Implicit null exception at 0x000001e3ce4c6316 to 0x000001e3ce4c68d9
Event: 3033.160 Thread 0x000001e3f3761800 Exception <a 'java/lang/NullPointerException'{0x00000000ceb97a28}> (0x00000000ceb97a28) thrown at [t:/workspace/open/src/hotspot/share/runtime/sharedRuntime.cpp, line 585]
Event: 3033.173 Thread 0x000001e3f3761800 Implicit null exception at 0x000001e3ce4c6316 to 0x000001e3ce4c68d9
Event: 3033.173 Thread 0x000001e3f3761800 Exception <a 'java/lang/NullPointerException'{0x00000000ce67eb90}> (0x00000000ce67eb90) thrown at [t:/workspace/open/src/hotspot/share/runtime/sharedRuntime.cpp, line 585]
Event: 3035.408 Thread 0x000001e3f3761800 Exception <a 'java/lang/ArrayIndexOutOfBoundsException'{0x00000000cd54f538}> (0x00000000cd54f538) thrown at [t:/workspace/open/src/hotspot/share/runtime/sharedRuntime.cpp, line 585]
Event: 3035.408 Thread 0x000001e3f3761800 Exception <a 'java/lang/ArrayIndexOutOfBoundsException'{0x00000000cd54f858}> (0x00000000cd54f858) thrown at [t:/workspace/open/src/hotspot/share/runtime/sharedRuntime.cpp, line 585]
Event: 3036.802 Thread 0x000001e3f3761000 Exception <a 'java/lang/ArrayIndexOutOfBoundsException'{0x00000000cc7b5068}> (0x00000000cc7b5068) thrown at [t:/workspace/open/src/hotspot/share/runtime/sharedRuntime.cpp, line 585]
Event: 3036.802 Thread 0x000001e3f3761000 Exception <a 'java/lang/ArrayIndexOutOfBoundsException'{0x00000000cc7b5388}> (0x00000000cc7b5388) thrown at [t:/workspace/open/src/hotspot/share/runtime/sharedRuntime.cpp, line 585]

Events (10 events):
Event: 3038.759 Thread 0x000001e3f375c000 Uncommon trap: trap_request=0xffffffde fr.pc=0x000001e3d43ae7f0 relative=0x00000000000000b0
Event: 3038.759 Thread 0x000001e3f375c000 DEOPT PACKING pc=0x000001e3d43ae7f0 sp=0x000000a1638fe4f0
Event: 3038.759 Thread 0x000001e3f375c000 DEOPT UNPACKING pc=0x000001e3cc799baf sp=0x000000a1638fe418 mode 2
Event: 3038.759 Thread 0x000001e3f375c000 Uncommon trap: trap_request=0xffffffde fr.pc=0x000001e3d43ae7f0 relative=0x00000000000000b0
Event: 3038.759 Thread 0x000001e3f375c000 DEOPT PACKING pc=0x000001e3d43ae7f0 sp=0x000000a1638fe570
Event: 3038.759 Thread 0x000001e3f375c000 DEOPT UNPACKING pc=0x000001e3cc799baf sp=0x000000a1638fe498 mode 2
Event: 3038.759 Thread 0x000001e3f375c000 Uncommon trap: trap_request=0xffffffde fr.pc=0x000001e3d43ae7f0 relative=0x00000000000000b0
Event: 3038.759 Thread 0x000001e3f375c000 DEOPT PACKING pc=0x000001e3d43ae7f0 sp=0x000000a1638fe500
Event: 3038.759 Thread 0x000001e3f375c000 DEOPT UNPACKING pc=0x000001e3cc799baf sp=0x000000a1638fe428 mode 2
Event: 3041.138 Executing VM operation: G1CollectForAllocation


Dynamic libraries:
0x00007ff7145d0000 - 0x00007ff7145df000 	C:\Program Files\Java\jdk-12.0.1\bin\java.exe
0x00007ffe4d070000 - 0x00007ffe4d251000 	C:\Windows\SYSTEM32\ntdll.dll
0x00007ffe4c820000 - 0x00007ffe4c8d1000 	C:\Windows\System32\KERNEL32.DLL
0x00007ffe49a50000 - 0x00007ffe49cc3000 	C:\Windows\System32\KERNELBASE.dll
0x00007ffe4a3e0000 - 0x00007ffe4a4d8000 	C:\Windows\System32\ucrtbase.dll
0x00007ffe35c00000 - 0x00007ffe35c16000 	C:\Program Files\Java\jdk-12.0.1\bin\VCRUNTIME140.dll
0x00007ffe35be0000 - 0x00007ffe35bf8000 	C:\Program Files\Java\jdk-12.0.1\bin\jli.dll
0x00007ffe4cf90000 - 0x00007ffe4d031000 	C:\Windows\System32\ADVAPI32.dll
0x00007ffe4c4c0000 - 0x00007ffe4c55e000 	C:\Windows\System32\msvcrt.dll
0x00007ffe4ab00000 - 0x00007ffe4ab5b000 	C:\Windows\System32\sechost.dll
0x00007ffe4c390000 - 0x00007ffe4c4b4000 	C:\Windows\System32\RPCRT4.dll
0x00007ffe4c1d0000 - 0x00007ffe4c360000 	C:\Windows\System32\USER32.dll
0x00007ffe4a4e0000 - 0x00007ffe4a500000 	C:\Windows\System32\win32u.dll
0x00007ffe42a30000 - 0x00007ffe42c99000 	C:\Windows\WinSxS\amd64_microsoft.windows.common-controls_6595b64144ccf1df_6.0.17134.765_none_fb42a1a930655896\COMCTL32.dll
0x00007ffe4c360000 - 0x00007ffe4c388000 	C:\Windows\System32\GDI32.dll
0x00007ffe4ca90000 - 0x00007ffe4cdb2000 	C:\Windows\System32\combase.dll
0x00007ffe49520000 - 0x00007ffe496b2000 	C:\Windows\System32\gdi32full.dll
0x00007ffe494a0000 - 0x00007ffe4951a000 	C:\Windows\System32\bcryptPrimitives.dll
0x00007ffe496c0000 - 0x00007ffe4975f000 	C:\Windows\System32\msvcp_win.dll
0x00007ffe446e0000 - 0x00007ffe446ea000 	C:\Windows\SYSTEM32\VERSION.dll
0x00007ffe4aa20000 - 0x00007ffe4aa4d000 	C:\Windows\System32\IMM32.DLL
0x00007ffe1e240000 - 0x00007ffe1e2ea000 	C:\Program Files\Java\jdk-12.0.1\bin\msvcp140.dll
0x00007ffdef250000 - 0x00007ffdefdc4000 	C:\Program Files\Java\jdk-12.0.1\bin\server\jvm.dll
0x00007ffe4ac00000 - 0x00007ffe4ac08000 	C:\Windows\System32\PSAPI.DLL
0x00007ffe41990000 - 0x00007ffe41999000 	C:\Windows\SYSTEM32\WSOCK32.dll
0x00007ffe46620000 - 0x00007ffe46643000 	C:\Windows\SYSTEM32\WINMM.dll
0x00007ffe4c7b0000 - 0x00007ffe4c81c000 	C:\Windows\System32\WS2_32.dll
0x00007ffe461c0000 - 0x00007ffe461ea000 	C:\Windows\SYSTEM32\winmmbase.dll
0x00007ffe49a00000 - 0x00007ffe49a49000 	C:\Windows\System32\cfgmgr32.dll
0x00007ffe49380000 - 0x00007ffe49391000 	C:\Windows\System32\kernel.appcore.dll
0x00007ffe35380000 - 0x00007ffe35391000 	C:\Program Files\Java\jdk-12.0.1\bin\verify.dll
0x00007ffe3bb00000 - 0x00007ffe3bcc9000 	C:\Windows\SYSTEM32\DBGHELP.DLL
0x00007ffe3b0f0000 - 0x00007ffe3b119000 	C:\Windows\SYSTEM32\dbgcore.DLL
0x00007ffe35350000 - 0x00007ffe35376000 	C:\Program Files\Java\jdk-12.0.1\bin\java.dll
0x00007ffe45fb0000 - 0x00007ffe45fbe000 	C:\Program Files\Java\jdk-12.0.1\bin\instrument.dll
0x00007ffe2f210000 - 0x00007ffe2f227000 	C:\Program Files\Java\jdk-12.0.1\bin\zip.dll
0x00007ffe41920000 - 0x00007ffe4192a000 	C:\Program Files\Java\jdk-12.0.1\bin\jimage.dll
0x00007ffe4ad90000 - 0x00007ffe4c1d0000 	C:\Windows\System32\SHELL32.dll
0x00007ffe4aa50000 - 0x00007ffe4aaf9000 	C:\Windows\System32\shcore.dll
0x00007ffe49cd0000 - 0x00007ffe4a3dd000 	C:\Windows\System32\windows.storage.dll
0x00007ffe4c600000 - 0x00007ffe4c651000 	C:\Windows\System32\shlwapi.dll
0x00007ffe493a0000 - 0x00007ffe493bf000 	C:\Windows\System32\profapi.dll
0x00007ffe493f0000 - 0x00007ffe4943c000 	C:\Windows\System32\powrprof.dll
0x00007ffe493e0000 - 0x00007ffe493ea000 	C:\Windows\System32\FLTLIB.DLL
0x00007ffe2e780000 - 0x00007ffe2e799000 	C:\Program Files\Java\jdk-12.0.1\bin\net.dll
0x00007ffe43080000 - 0x00007ffe4315d000 	C:\Windows\SYSTEM32\WINHTTP.dll
0x00007ffe3af20000 - 0x00007ffe3b0e8000 	C:\Windows\SYSTEM32\urlmon.dll
0x00007ffe3b580000 - 0x00007ffe3b827000 	C:\Windows\SYSTEM32\iertutil.dll
0x00007ffe48d10000 - 0x00007ffe48d1b000 	C:\Windows\SYSTEM32\CRYPTBASE.DLL
0x00007ffe48bb0000 - 0x00007ffe48c16000 	C:\Windows\system32\mswsock.dll
0x00007ffe2e760000 - 0x00007ffe2e773000 	C:\Program Files\Java\jdk-12.0.1\bin\nio.dll
0x00007ffe48dc0000 - 0x00007ffe48dd7000 	C:\Windows\SYSTEM32\CRYPTSP.dll
0x00007ffe487a0000 - 0x00007ffe487d3000 	C:\Windows\system32\rsaenh.dll
0x00007ffe48ec0000 - 0x00007ffe48ee5000 	C:\Windows\SYSTEM32\bcrypt.dll
0x00007ffe49280000 - 0x00007ffe492a8000 	C:\Windows\SYSTEM32\USERENV.dll
0x00007ffe48940000 - 0x00007ffe48978000 	C:\Windows\SYSTEM32\IPHLPAPI.DLL
0x00007ffe4ca80000 - 0x00007ffe4ca88000 	C:\Windows\System32\NSI.dll
0x00007ffe43b00000 - 0x00007ffe43b16000 	C:\Windows\SYSTEM32\dhcpcsvc6.DLL
0x00007ffe43a20000 - 0x00007ffe43a3a000 	C:\Windows\SYSTEM32\dhcpcsvc.DLL
0x00007ffe26720000 - 0x00007ffe26749000 	C:\Users\Power\.vscode\extensions\redhat.java-0.45.0\server\config_win\org.eclipse.equinox.launcher\org.eclipse.equinox.launcher.win32.win32.x86_64_1.1.1000.v20190125-2016\eclipse_1801.dll
0x00007ffe2a1e0000 - 0x00007ffe2a1f1000 	C:\Users\Power\.vscode\extensions\redhat.java-0.45.0\server\config_win\org.eclipse.osgi\20\0\.cp\jWinHttp-1.0.0.dll
0x00007ffe4cdd0000 - 0x00007ffe4cf21000 	C:\Windows\System32\ole32.dll
0x00007ffe2f130000 - 0x00007ffe2f146000 	C:\Windows\system32\napinsp.dll
0x00007ffe2f020000 - 0x00007ffe2f03a000 	C:\Windows\system32\pnrpnsp.dll
0x00007ffe45e80000 - 0x00007ffe45e99000 	C:\Windows\system32\NLAapi.dll
0x00007ffe48980000 - 0x00007ffe48a3e000 	C:\Windows\SYSTEM32\DNSAPI.dll
0x00007ffe2f010000 - 0x00007ffe2f01e000 	C:\Windows\System32\winrnr.dll
0x00007ffe42fd0000 - 0x00007ffe42fda000 	C:\Windows\System32\rasadhlp.dll
0x00007ffe40970000 - 0x00007ffe409e2000 	C:\Windows\System32\fwpuclnt.dll
0x00007ffe3a650000 - 0x00007ffe3a65e000 	C:\Program Files\Java\jdk-12.0.1\bin\sunmscapi.dll
0x00007ffe49760000 - 0x00007ffe49942000 	C:\Windows\System32\CRYPT32.dll
0x00007ffe493c0000 - 0x00007ffe493d2000 	C:\Windows\System32\MSASN1.dll
0x00007ffe48e40000 - 0x00007ffe48e66000 	C:\Windows\SYSTEM32\ncrypt.dll
0x00007ffe48e00000 - 0x00007ffe48e36000 	C:\Windows\SYSTEM32\NTASN1.dll
0x00007ffe1d9a0000 - 0x00007ffe1d9c7000 	C:\Program Files\Java\jdk-12.0.1\bin\sunec.dll
0x00007ffe35bd0000 - 0x00007ffe35bd9000 	C:\Program Files\Java\jdk-12.0.1\bin\management.dll
0x00007ffe34b90000 - 0x00007ffe34b9c000 	C:\Program Files\Java\jdk-12.0.1\bin\management_ext.dll

dbghelp: loaded successfully - version: 4.0.5 - missing functions: none
symbol engine: initialized successfully - sym options: 0x614 - pdb path: .;C:\Program Files\Java\jdk-12.0.1\bin;C:\Windows\SYSTEM32;C:\Windows\WinSxS\amd64_microsoft.windows.common-controls_6595b64144ccf1df_6.0.17134.765_none_fb42a1a930655896;C:\Program Files\Java\jdk-12.0.1\bin\server;C:\Users\Power\.vscode\extensions\redhat.java-0.45.0\server\config_win\org.eclipse.equinox.launcher\org.eclipse.equinox.launcher.win32.win32.x86_64_1.1.1000.v20190125-2016;C:\Users\Power\.vscode\extensions\redhat.java-0.45.0\server\config_win\org.eclipse.osgi\20\0\.cp

VM Arguments:
jvm_args: --add-modules=ALL-SYSTEM --add-opens=java.base/java.util=ALL-UNNAMED --add-opens=java.base/java.lang=ALL-UNNAMED -Declipse.application=org.eclipse.jdt.ls.core.id1 -Dosgi.bundles.defaultStartLevel=4 -Declipse.product=org.eclipse.jdt.ls.core.product -Dfile.encoding=utf8 -DwatchParentProcess=false -Xverify:none -Xmx1G -XX:+UseG1GC -XX:+UseStringDeduplication -javaagent:C:\Users\Power\.vscode\extensions\gabrielbb.vscode-lombok-0.9.8/server/lombok.jar 
java_command: C:\Users\Power\.vscode\extensions\redhat.java-0.45.0\server\plugins\org.eclipse.equinox.launcher_1.5.400.v20190514-1658.jar -configuration C:\Users\Power\.vscode\extensions\redhat.java-0.45.0\server\config_win -data c:\Users\Power\AppData\Roaming\Code\User\workspaceStorage\b01ef1621e7a5d3be7d0af33991e6afb\redhat.java\jdt_ws
java_class_path (initial): C:\Users\Power\.vscode\extensions\redhat.java-0.45.0\server\plugins\org.eclipse.equinox.launcher_1.5.400.v20190514-1658.jar
Launcher Type: SUN_STANDARD

[Global flags]
     bool BytecodeVerificationLocal                = false                                     {product} {command line}
     bool BytecodeVerificationRemote               = false                                     {product} {command line}
     intx CICompilerCount                          = 12                                        {product} {ergonomic}
     uint ConcGCThreads                            = 3                                         {product} {ergonomic}
     uint G1ConcRefinementThreads                  = 13                                        {product} {ergonomic}
   size_t G1HeapRegionSize                         = 1048576                                   {product} {ergonomic}
    uintx GCDrainStackTargetSize                   = 64                                        {product} {ergonomic}
   size_t InitialHeapSize                          = 134217728                                 {product} {ergonomic}
   size_t MarkStackSize                            = 4194304                                   {product} {ergonomic}
   size_t MaxHeapSize                              = 1073741824                                {product} {command line}
   size_t MaxNewSize                               = 643825664                                 {product} {ergonomic}
   size_t MinHeapDeltaBytes                        = 1048576                                   {product} {ergonomic}
    uintx NonNMethodCodeHeapSize                   = 7594288                                {pd product} {ergonomic}
    uintx NonProfiledCodeHeapSize                  = 122031976                              {pd product} {ergonomic}
    uintx ProfiledCodeHeapSize                     = 122031976                              {pd product} {ergonomic}
    uintx ReservedCodeCacheSize                    = 251658240                              {pd product} {ergonomic}
     bool SegmentedCodeCache                       = true                                      {product} {ergonomic}
     bool UseCompressedClassPointers               = true                                 {lp64_product} {ergonomic}
     bool UseCompressedOops                        = true                                 {lp64_product} {ergonomic}
     bool UseG1GC                                  = true                                      {product} {command line}
     bool UseLargePagesIndividualAllocation        = false                                  {pd product} {ergonomic}
     bool UseStringDeduplication                   = true                                      {product} {command line}

Logging:
Log output configuration:
 #0: stdout all=warning uptime,level,tags
 #1: stderr all=off uptime,level,tags

Environment Variables:
JAVA_HOME=C:\Program Files\Java\jdk-12.0.1
PATH=C:\Program Files (x86)\NetSarang\Xshell 6\;C:\ProgramData\DockerDesktop\version-bin;C:\Program Files\Docker\Docker\Resources\bin;C:\Windows\system32;C:\Windows;C:\Windows\System32\Wbem;C:\Windows\System32\WindowsPowerShell\v1.0\;C:\Windows\System32\OpenSSH\;C:\Program Files\MATLAB\R2019a\bin;C:\Program Files\nodejs\;C:\Program Files\Git\cmd;C:\Program Files\Java\jdk-12.0.1\bin;C:\Program Files\MySQL\MySQL Shell 8.0\bin\;C:\Users\Power\AppData\Local\Programs\Microsoft VS Code\bin
USERNAME=Power
OS=Windows_NT
PROCESSOR_IDENTIFIER=AMD64 Family 23 Model 1 Stepping 1, AuthenticAMD



---------------  S Y S T E M  ---------------

OS: Windows 10 , 64 bit Build 17134 (10.0.17134.753)

CPU:total 16 (initial active 16) (16 cores per cpu, 2 threads per core) family 23 model 1 stepping 1, cmov, cx8, fxsr, mmx, sse, sse2, sse3, ssse3, sse4.1, sse4.2, popcnt, avx, avx2, aes, clmul, mmxext, 3dnowpref, lzcnt, sse4a, ht, tsc, tscinvbit, tscinv, bmi1, bmi2, adx, sha, fma

Memory: 4k page, system-wide physical 8126M (2140M free)
TotalPageFile size 12874M (AvailPageFile size 1813M)
current process WorkingSet (physical memory assigned to process): 842M, peak: 893M
current process commit charge ("private bytes"): 802M, peak: 834M

vm_info: Java HotSpot(TM) 64-Bit Server VM (12.0.1+12) for windows-amd64 JRE (12.0.1+12), built on Apr  2 2019 14:02:19 by "mach5one" with MS VC++ 15.5 (VS2017)

END.
